This file contains any messages produced by compilers while
running configure, to aid debugging if configure makes a mistake.

It was created by libnet configure 1.2, which was
generated by GNU Autoconf 2.69.  Invocation command line was

  $ ./configure 

## --------- ##
## Platform. ##
## --------- ##

hostname = MINHDANGLAPTOP
uname -m = x86_64
uname -r = 5.15.90.1-microsoft-standard-WSL2
uname -s = Linux
uname -v = #1 SMP Fri Jan 27 02:56:13 UTC 2023

/usr/bin/uname -p = x86_64
/bin/uname -X     = unknown

/bin/arch              = x86_64
/usr/bin/arch -k       = unknown
/usr/convex/getsysinfo = unknown
/usr/bin/hostinfo      = unknown
/bin/machine           = unknown
/usr/bin/oslevel       = unknown
/bin/universe          = unknown

PATH: /usr/local/sbin
PATH: /usr/local/bin
PATH: /usr/sbin
PATH: /usr/bin
PATH: /sbin
PATH: /bin
PATH: /usr/games
PATH: /usr/local/games
PATH: /usr/lib/wsl/lib
PATH: /mnt/c/Windows/system32
PATH: /mnt/c/Windows
PATH: /mnt/c/Windows/System32/Wbem
PATH: /mnt/c/Windows/System32/WindowsPowerShell/v1.0/
PATH: /mnt/c/Windows/System32/OpenSSH/
PATH: /mnt/c/Program Files/dotnet/
PATH: /mnt/c/Program Files/NVIDIA Corporation/NVIDIA NvDLISR
PATH: /mnt/c/Program Files/Git/cmd
PATH: /mnt/c/Users/danga/AppData/Local/Microsoft/WindowsApps
PATH: /mnt/c/Users/danga/AppData/Local/Programs/Microsoft VS Code/bin
PATH: /mnt/c/Users/danga/AppData/Roaming/TinyTeX/bin/win32
PATH: /snap/bin


## ----------- ##
## Core tests. ##
## ----------- ##

configure:2373: checking for a POSIX-compliant shell
configure:2441: result: /bin/bash
configure:2454: checking for a sed that does not truncate output
configure:2518: result: /usr/bin/sed
configure:2527: checking for chmod
configure:2543: found /usr/bin/chmod
configure:2554: result: chmod
configure:2599: checking build system type
configure:2613: result: x86_64-pc-linux-gnu
configure:2633: checking host system type
configure:2646: result: x86_64-pc-linux-gnu
configure:2666: checking target system type
configure:2679: result: x86_64-pc-linux-gnu
configure:2723: checking for a BSD-compatible install
configure:2791: result: /usr/bin/install -c
configure:2802: checking whether build environment is sane
configure:2857: result: yes
configure:3008: checking for a thread-safe mkdir -p
configure:3047: result: /usr/bin/mkdir -p
configure:3054: checking for gawk
configure:3070: found /usr/bin/gawk
configure:3081: result: gawk
configure:3092: checking whether make sets $(MAKE)
configure:3118: result: no
configure:3143: checking whether make supports nested variables
configure:3160: result: no
configure:3297: checking whether make supports nested variables
configure:3314: result: no
configure:3382: checking for gcc
configure:3398: found /usr/bin/gcc
configure:3409: result: gcc
configure:3638: checking for C compiler version
configure:3647: gcc --version >&5
gcc (Ubuntu 11.3.0-1ubuntu1~22.04) 11.3.0
Copyright (C) 2021 Free Software Foundation, Inc.
This is free software; see the source for copying conditions.  There is NO
warranty; not even for MERCHANTABILITY or FITNESS FOR A PARTICULAR PURPOSE.

configure:3658: $? = 0
configure:3647: gcc -v >&5
Using built-in specs.
COLLECT_GCC=gcc
COLLECT_LTO_WRAPPER=/usr/lib/gcc/x86_64-linux-gnu/11/lto-wrapper
OFFLOAD_TARGET_NAMES=nvptx-none:amdgcn-amdhsa
OFFLOAD_TARGET_DEFAULT=1
Target: x86_64-linux-gnu
Configured with: ../src/configure -v --with-pkgversion='Ubuntu 11.3.0-1ubuntu1~22.04' --with-bugurl=file:///usr/share/doc/gcc-11/README.Bugs --enable-languages=c,ada,c++,go,brig,d,fortran,objc,obj-c++,m2 --prefix=/usr --with-gcc-major-version-only --program-suffix=-11 --program-prefix=x86_64-linux-gnu- --enable-shared --enable-linker-build-id --libexecdir=/usr/lib --without-included-gettext --enable-threads=posix --libdir=/usr/lib --enable-nls --enable-bootstrap --enable-clocale=gnu --enable-libstdcxx-debug --enable-libstdcxx-time=yes --with-default-libstdcxx-abi=new --enable-gnu-unique-object --disable-vtable-verify --enable-plugin --enable-default-pie --with-system-zlib --enable-libphobos-checking=release --with-target-system-zlib=auto --enable-objc-gc=auto --enable-multiarch --disable-werror --enable-cet --with-arch-32=i686 --with-abi=m64 --with-multilib-list=m32,m64,mx32 --enable-multilib --with-tune=generic --enable-offload-targets=nvptx-none=/build/gcc-11-xKiWfi/gcc-11-11.3.0/debian/tmp-nvptx/usr,amdgcn-amdhsa=/build/gcc-11-xKiWfi/gcc-11-11.3.0/debian/tmp-gcn/usr --without-cuda-driver --enable-checking=release --build=x86_64-linux-gnu --host=x86_64-linux-gnu --target=x86_64-linux-gnu --with-build-config=bootstrap-lto-lean --enable-link-serialization=2
Thread model: posix
Supported LTO compression algorithms: zlib zstd
gcc version 11.3.0 (Ubuntu 11.3.0-1ubuntu1~22.04) 
... rest of stderr output deleted ...
configure:3658: $? = 0
configure:3647: gcc -V >&5
gcc: error: unrecognized command-line option '-V'
gcc: fatal error: no input files
compilation terminated.
configure:3658: $? = 1
configure:3647: gcc -qversion >&5
gcc: error: unrecognized command-line option '-qversion'; did you mean '--version'?
gcc: fatal error: no input files
compilation terminated.
configure:3658: $? = 1
configure:3678: checking whether the C compiler works
configure:3700: gcc    conftest.c  >&5
configure:3704: $? = 0
configure:3752: result: yes
configure:3755: checking for C compiler default output file name
configure:3757: result: a.out
configure:3763: checking for suffix of executables
configure:3770: gcc -o conftest    conftest.c  >&5
configure:3774: $? = 0
configure:3796: result: 
configure:3818: checking whether we are cross compiling
configure:3826: gcc -o conftest    conftest.c  >&5
configure:3830: $? = 0
configure:3837: ./conftest
configure:3841: $? = 0
configure:3856: result: no
configure:3861: checking for suffix of object files
configure:3883: gcc -c   conftest.c >&5
configure:3887: $? = 0
configure:3908: result: o
configure:3912: checking whether we are using the GNU C compiler
configure:3931: gcc -c   conftest.c >&5
configure:3931: $? = 0
configure:3940: result: yes
configure:3949: checking whether gcc accepts -g
configure:3969: gcc -c -g  conftest.c >&5
configure:3969: $? = 0
configure:4010: result: yes
configure:4027: checking for gcc option to accept ISO C89
configure:4090: gcc  -c -g -O2  conftest.c >&5
configure:4090: $? = 0
configure:4103: result: none needed
configure:4128: checking whether gcc understands -c and -o together
configure:4150: gcc -c conftest.c -o conftest2.o
configure:4153: $? = 0
configure:4150: gcc -c conftest.c -o conftest2.o
configure:4153: $? = 0
configure:4165: result: yes
configure:4189: checking how to run the C preprocessor
configure:4220: gcc -E  conftest.c
configure:4220: $? = 0
configure:4234: gcc -E  conftest.c
conftest.c:11:10: fatal error: ac_nonexistent.h: No such file or directory
   11 | #include <ac_nonexistent.h>
      |          ^~~~~~~~~~~~~~~~~~
compilation terminated.
configure:4234: $? = 1
configure: failed program was:
| /* confdefs.h */
| #define PACKAGE_NAME "libnet"
| #define PACKAGE_TARNAME "libnet"
| #define PACKAGE_VERSION "1.2"
| #define PACKAGE_STRING "libnet 1.2"
| #define PACKAGE_BUGREPORT "https://github.com/libnet/libnet/issues"
| #define PACKAGE_URL "https://github.com/libnet/libnet"
| #define PACKAGE "libnet"
| #define VERSION "1.2"
| /* end confdefs.h.  */
| #include <ac_nonexistent.h>
configure:4259: result: gcc -E
configure:4279: gcc -E  conftest.c
configure:4279: $? = 0
configure:4293: gcc -E  conftest.c
conftest.c:11:10: fatal error: ac_nonexistent.h: No such file or directory
   11 | #include <ac_nonexistent.h>
      |          ^~~~~~~~~~~~~~~~~~
compilation terminated.
configure:4293: $? = 1
configure: failed program was:
| /* confdefs.h */
| #define PACKAGE_NAME "libnet"
| #define PACKAGE_TARNAME "libnet"
| #define PACKAGE_VERSION "1.2"
| #define PACKAGE_STRING "libnet 1.2"
| #define PACKAGE_BUGREPORT "https://github.com/libnet/libnet/issues"
| #define PACKAGE_URL "https://github.com/libnet/libnet"
| #define PACKAGE "libnet"
| #define VERSION "1.2"
| /* end confdefs.h.  */
| #include <ac_nonexistent.h>
configure:4322: checking for grep that handles long lines and -e
configure:4380: result: /usr/bin/grep
configure:4385: checking for egrep
configure:4447: result: /usr/bin/grep -E
configure:4452: checking for ANSI C header files
configure:4472: gcc -c -g -O2  conftest.c >&5
configure:4472: $? = 0
configure:4545: gcc -o conftest -g -O2   conftest.c  >&5
configure:4545: $? = 0
configure:4545: ./conftest
configure:4545: $? = 0
configure:4556: result: yes
configure:4569: checking for sys/types.h
configure:4569: gcc -c -g -O2  conftest.c >&5
configure:4569: $? = 0
configure:4569: result: yes
configure:4569: checking for sys/stat.h
configure:4569: gcc -c -g -O2  conftest.c >&5
configure:4569: $? = 0
configure:4569: result: yes
configure:4569: checking for stdlib.h
configure:4569: gcc -c -g -O2  conftest.c >&5
configure:4569: $? = 0
configure:4569: result: yes
configure:4569: checking for string.h
configure:4569: gcc -c -g -O2  conftest.c >&5
configure:4569: $? = 0
configure:4569: result: yes
configure:4569: checking for memory.h
configure:4569: gcc -c -g -O2  conftest.c >&5
configure:4569: $? = 0
configure:4569: result: yes
configure:4569: checking for strings.h
configure:4569: gcc -c -g -O2  conftest.c >&5
configure:4569: $? = 0
configure:4569: result: yes
configure:4569: checking for inttypes.h
configure:4569: gcc -c -g -O2  conftest.c >&5
configure:4569: $? = 0
configure:4569: result: yes
configure:4569: checking for stdint.h
configure:4569: gcc -c -g -O2  conftest.c >&5
configure:4569: $? = 0
configure:4569: result: yes
configure:4569: checking for unistd.h
configure:4569: gcc -c -g -O2  conftest.c >&5
configure:4569: $? = 0
configure:4569: result: yes
configure:4582: checking minix/config.h usability
configure:4582: gcc -c -g -O2  conftest.c >&5
conftest.c:54:10: fatal error: minix/config.h: No such file or directory
   54 | #include <minix/config.h>
      |          ^~~~~~~~~~~~~~~~
compilation terminated.
configure:4582: $? = 1
configure: failed program was:
| /* confdefs.h */
| #define PACKAGE_NAME "libnet"
| #define PACKAGE_TARNAME "libnet"
| #define PACKAGE_VERSION "1.2"
| #define PACKAGE_STRING "libnet 1.2"
| #define PACKAGE_BUGREPORT "https://github.com/libnet/libnet/issues"
| #define PACKAGE_URL "https://github.com/libnet/libnet"
| #define PACKAGE "libnet"
| #define VERSION "1.2"
| #define STDC_HEADERS 1
| #define HAVE_SYS_TYPES_H 1
| #define HAVE_SYS_STAT_H 1
| #define HAVE_STDLIB_H 1
| #define HAVE_STRING_H 1
| #define HAVE_MEMORY_H 1
| #define HAVE_STRINGS_H 1
| #define HAVE_INTTYPES_H 1
| #define HAVE_STDINT_H 1
| #define HAVE_UNISTD_H 1
| /* end confdefs.h.  */
| #include <stdio.h>
| #ifdef HAVE_SYS_TYPES_H
| # include <sys/types.h>
| #endif
| #ifdef HAVE_SYS_STAT_H
| # include <sys/stat.h>
| #endif
| #ifdef STDC_HEADERS
| # include <stdlib.h>
| # include <stddef.h>
| #else
| # ifdef HAVE_STDLIB_H
| #  include <stdlib.h>
| # endif
| #endif
| #ifdef HAVE_STRING_H
| # if !defined STDC_HEADERS && defined HAVE_MEMORY_H
| #  include <memory.h>
| # endif
| # include <string.h>
| #endif
| #ifdef HAVE_STRINGS_H
| # include <strings.h>
| #endif
| #ifdef HAVE_INTTYPES_H
| # include <inttypes.h>
| #endif
| #ifdef HAVE_STDINT_H
| # include <stdint.h>
| #endif
| #ifdef HAVE_UNISTD_H
| # include <unistd.h>
| #endif
| #include <minix/config.h>
configure:4582: result: no
configure:4582: checking minix/config.h presence
configure:4582: gcc -E  conftest.c
conftest.c:21:10: fatal error: minix/config.h: No such file or directory
   21 | #include <minix/config.h>
      |          ^~~~~~~~~~~~~~~~
compilation terminated.
configure:4582: $? = 1
configure: failed program was:
| /* confdefs.h */
| #define PACKAGE_NAME "libnet"
| #define PACKAGE_TARNAME "libnet"
| #define PACKAGE_VERSION "1.2"
| #define PACKAGE_STRING "libnet 1.2"
| #define PACKAGE_BUGREPORT "https://github.com/libnet/libnet/issues"
| #define PACKAGE_URL "https://github.com/libnet/libnet"
| #define PACKAGE "libnet"
| #define VERSION "1.2"
| #define STDC_HEADERS 1
| #define HAVE_SYS_TYPES_H 1
| #define HAVE_SYS_STAT_H 1
| #define HAVE_STDLIB_H 1
| #define HAVE_STRING_H 1
| #define HAVE_MEMORY_H 1
| #define HAVE_STRINGS_H 1
| #define HAVE_INTTYPES_H 1
| #define HAVE_STDINT_H 1
| #define HAVE_UNISTD_H 1
| /* end confdefs.h.  */
| #include <minix/config.h>
configure:4582: result: no
configure:4582: checking for minix/config.h
configure:4582: result: no
configure:4603: checking whether it is safe to define __EXTENSIONS__
configure:4621: gcc -c -g -O2  conftest.c >&5
configure:4621: $? = 0
configure:4628: result: yes
configure:4690: checking how to print strings
configure:4717: result: printf
configure:4738: checking for a sed that does not truncate output
configure:4802: result: /usr/bin/sed
configure:4820: checking for fgrep
configure:4882: result: /usr/bin/grep -F
configure:4917: checking for ld used by gcc
configure:4984: result: /usr/bin/ld
configure:4991: checking if the linker (/usr/bin/ld) is GNU ld
configure:5006: result: yes
configure:5018: checking for BSD- or MS-compatible name lister (nm)
configure:5072: result: /usr/bin/nm -B
configure:5202: checking the name lister (/usr/bin/nm -B) interface
configure:5209: gcc -c -g -O2  conftest.c >&5
configure:5212: /usr/bin/nm -B "conftest.o"
configure:5215: output
0000000000000000 B some_variable
configure:5222: result: BSD nm
configure:5225: checking whether ln -s works
configure:5229: result: yes
configure:5237: checking the maximum length of command line arguments
configure:5368: result: 1572864
configure:5416: checking how to convert x86_64-pc-linux-gnu file names to x86_64-pc-linux-gnu format
configure:5456: result: func_convert_file_noop
configure:5463: checking how to convert x86_64-pc-linux-gnu file names to toolchain format
configure:5483: result: func_convert_file_noop
configure:5490: checking for /usr/bin/ld option to reload object files
configure:5497: result: -r
configure:5571: checking for objdump
configure:5587: found /usr/bin/objdump
configure:5598: result: objdump
configure:5630: checking how to recognize dependent libraries
configure:5830: result: pass_all
configure:5915: checking for dlltool
configure:5945: result: no
configure:5975: checking how to associate runtime and link libraries
configure:6002: result: printf %s\n
configure:6062: checking for ar
configure:6078: found /usr/bin/ar
configure:6089: result: ar
configure:6126: checking for archiver @FILE support
configure:6143: gcc -c -g -O2  conftest.c >&5
configure:6143: $? = 0
configure:6146: ar cru libconftest.a @conftest.lst >&5
ar: `u' modifier ignored since `D' is the default (see `U')
configure:6149: $? = 0
configure:6154: ar cru libconftest.a @conftest.lst >&5
ar: `u' modifier ignored since `D' is the default (see `U')
ar: conftest.o: No such file or directory
configure:6157: $? = 1
configure:6169: result: @
configure:6227: checking for strip
configure:6243: found /usr/bin/strip
configure:6254: result: strip
configure:6326: checking for ranlib
configure:6342: found /usr/bin/ranlib
configure:6353: result: ranlib
configure:6455: checking command to parse /usr/bin/nm -B output from gcc object
configure:6608: gcc -c -g -O2  conftest.c >&5
configure:6611: $? = 0
configure:6615: /usr/bin/nm -B conftest.o | sed -n -e 's/^.*[	 ]\([ABCDGIRSTW][ABCDGIRSTW]*\)[	 ][	 ]*\([_A-Za-z][_A-Za-z0-9]*\)$/\1 \2 \2/p' | sed '/ __gnu_lto/d' > conftest.nm
configure:6681: gcc -o conftest -g -O2   conftest.c conftstm.o >&5
configure:6684: $? = 0
configure:6722: result: ok
configure:6769: checking for sysroot
configure:6799: result: no
configure:6806: checking for a working dd
configure:6844: result: /usr/bin/dd
configure:6848: checking how to truncate binary pipes
configure:6863: result: /usr/bin/dd bs=4096 count=1
configure:6999: gcc -c -g -O2  conftest.c >&5
configure:7002: $? = 0
configure:7192: checking for mt
configure:7208: found /usr/bin/mt
configure:7219: result: mt
configure:7242: checking if mt is a manifest tool
configure:7248: mt '-?'
configure:7256: result: no
configure:7930: checking for dlfcn.h
configure:7930: gcc -c -g -O2  conftest.c >&5
configure:7930: $? = 0
configure:7930: result: yes
configure:8185: checking for objdir
configure:8200: result: .libs
configure:8464: checking if gcc supports -fno-rtti -fno-exceptions
configure:8482: gcc -c -g -O2  -fno-rtti -fno-exceptions conftest.c >&5
cc1: warning: command-line option '-fno-rtti' is valid for C++/D/ObjC++ but not for C
configure:8486: $? = 0
configure:8499: result: no
configure:8863: checking for gcc option to produce PIC
configure:8870: result: -fPIC -DPIC
configure:8878: checking if gcc PIC flag -fPIC -DPIC works
configure:8896: gcc -c -g -O2  -fPIC -DPIC -DPIC conftest.c >&5
configure:8900: $? = 0
configure:8913: result: yes
configure:8942: checking if gcc static flag -static works
configure:8970: result: yes
configure:8985: checking if gcc supports -c -o file.o
configure:9006: gcc -c -g -O2  -o out/conftest2.o conftest.c >&5
configure:9010: $? = 0
configure:9032: result: yes
configure:9040: checking if gcc supports -c -o file.o
configure:9087: result: yes
configure:9120: checking whether the gcc linker (/usr/bin/ld -m elf_x86_64) supports shared libraries
configure:10383: result: yes
configure:10420: checking whether -lc should be explicitly linked in
configure:10428: gcc -c -g -O2  conftest.c >&5
configure:10431: $? = 0
configure:10446: gcc -shared  -fPIC -DPIC conftest.o  -v -Wl,-soname -Wl,conftest -o conftest 2\>\&1 \| /usr/bin/grep  -lc  \>/dev/null 2\>\&1
configure:10449: $? = 0
configure:10463: result: no
configure:10623: checking dynamic linker characteristics
configure:11204: gcc -o conftest -g -O2   -Wl,-rpath -Wl,/foo conftest.c  >&5
configure:11204: $? = 0
configure:11453: result: GNU/Linux ld.so
configure:11575: checking how to hardcode library paths into programs
configure:11600: result: immediate
configure:12148: checking whether stripping libraries is possible
configure:12153: result: yes
configure:12188: checking if libtool supports shared libraries
configure:12190: result: yes
configure:12193: checking whether to build shared libraries
configure:12218: result: yes
configure:12221: checking whether to build static libraries
configure:12225: result: yes
configure:12268: checking sys/sockio.h usability
configure:12268: gcc -c -g -O2  conftest.c >&5
conftest.c:61:10: fatal error: sys/sockio.h: No such file or directory
   61 | #include <sys/sockio.h>
      |          ^~~~~~~~~~~~~~
compilation terminated.
configure:12268: $? = 1
configure: failed program was:
| /* confdefs.h */
| #define PACKAGE_NAME "libnet"
| #define PACKAGE_TARNAME "libnet"
| #define PACKAGE_VERSION "1.2"
| #define PACKAGE_STRING "libnet 1.2"
| #define PACKAGE_BUGREPORT "https://github.com/libnet/libnet/issues"
| #define PACKAGE_URL "https://github.com/libnet/libnet"
| #define PACKAGE "libnet"
| #define VERSION "1.2"
| #define STDC_HEADERS 1
| #define HAVE_SYS_TYPES_H 1
| #define HAVE_SYS_STAT_H 1
| #define HAVE_STDLIB_H 1
| #define HAVE_STRING_H 1
| #define HAVE_MEMORY_H 1
| #define HAVE_STRINGS_H 1
| #define HAVE_INTTYPES_H 1
| #define HAVE_STDINT_H 1
| #define HAVE_UNISTD_H 1
| #define __EXTENSIONS__ 1
| #define _ALL_SOURCE 1
| #define _GNU_SOURCE 1
| #define _POSIX_PTHREAD_SEMANTICS 1
| #define _TANDEM_SOURCE 1
| #define HAVE_DLFCN_H 1
| #define LT_OBJDIR ".libs/"
| /* end confdefs.h.  */
| #include <stdio.h>
| #ifdef HAVE_SYS_TYPES_H
| # include <sys/types.h>
| #endif
| #ifdef HAVE_SYS_STAT_H
| # include <sys/stat.h>
| #endif
| #ifdef STDC_HEADERS
| # include <stdlib.h>
| # include <stddef.h>
| #else
| # ifdef HAVE_STDLIB_H
| #  include <stdlib.h>
| # endif
| #endif
| #ifdef HAVE_STRING_H
| # if !defined STDC_HEADERS && defined HAVE_MEMORY_H
| #  include <memory.h>
| # endif
| # include <string.h>
| #endif
| #ifdef HAVE_STRINGS_H
| # include <strings.h>
| #endif
| #ifdef HAVE_INTTYPES_H
| # include <inttypes.h>
| #endif
| #ifdef HAVE_STDINT_H
| # include <stdint.h>
| #endif
| #ifdef HAVE_UNISTD_H
| # include <unistd.h>
| #endif
| #include <sys/sockio.h>
configure:12268: result: no
configure:12268: checking sys/sockio.h presence
configure:12268: gcc -E  conftest.c
conftest.c:28:10: fatal error: sys/sockio.h: No such file or directory
   28 | #include <sys/sockio.h>
      |          ^~~~~~~~~~~~~~
compilation terminated.
configure:12268: $? = 1
configure: failed program was:
| /* confdefs.h */
| #define PACKAGE_NAME "libnet"
| #define PACKAGE_TARNAME "libnet"
| #define PACKAGE_VERSION "1.2"
| #define PACKAGE_STRING "libnet 1.2"
| #define PACKAGE_BUGREPORT "https://github.com/libnet/libnet/issues"
| #define PACKAGE_URL "https://github.com/libnet/libnet"
| #define PACKAGE "libnet"
| #define VERSION "1.2"
| #define STDC_HEADERS 1
| #define HAVE_SYS_TYPES_H 1
| #define HAVE_SYS_STAT_H 1
| #define HAVE_STDLIB_H 1
| #define HAVE_STRING_H 1
| #define HAVE_MEMORY_H 1
| #define HAVE_STRINGS_H 1
| #define HAVE_INTTYPES_H 1
| #define HAVE_STDINT_H 1
| #define HAVE_UNISTD_H 1
| #define __EXTENSIONS__ 1
| #define _ALL_SOURCE 1
| #define _GNU_SOURCE 1
| #define _POSIX_PTHREAD_SEMANTICS 1
| #define _TANDEM_SOURCE 1
| #define HAVE_DLFCN_H 1
| #define LT_OBJDIR ".libs/"
| /* end confdefs.h.  */
| #include <sys/sockio.h>
configure:12268: result: no
configure:12268: checking for sys/sockio.h
configure:12268: result: no
configure:12280: checking for gethostbyname2
configure:12280: gcc -o conftest -g -O2   conftest.c  >&5
configure:12280: $? = 0
configure:12280: result: yes
configure:12291: checking for getifaddrs
configure:12291: gcc -o conftest -g -O2   conftest.c  >&5
configure:12291: $? = 0
configure:12291: result: yes
configure:12300: checking for uint16_t
configure:12300: gcc -c -g -O2  conftest.c >&5
configure:12300: $? = 0
configure:12300: result: yes
configure:12312: checking for uint32_t
configure:12312: gcc -c -g -O2  conftest.c >&5
configure:12312: $? = 0
configure:12312: result: yes
configure:12326: checking for uint64_t
configure:12326: gcc -c -g -O2  conftest.c >&5
configure:12326: $? = 0
configure:12326: result: yes
configure:12341: checking for socklen_t
configure:12357: gcc -c -g -O2  conftest.c >&5
configure:12357: $? = 0
configure:12369: result: yes
configure:12375: checking whether byte ordering is bigendian
configure:12390: gcc -c -g -O2  conftest.c >&5
conftest.c:32:16: error: unknown type name 'not'
   32 |                not a universal capable compiler
      |                ^~~
conftest.c:32:22: error: expected '=', ',', ';', 'asm' or '__attribute__' before 'universal'
   32 |                not a universal capable compiler
      |                      ^~~~~~~~~
conftest.c:32:22: error: unknown type name 'universal'
configure:12390: $? = 1
configure: failed program was:
| /* confdefs.h */
| #define PACKAGE_NAME "libnet"
| #define PACKAGE_TARNAME "libnet"
| #define PACKAGE_VERSION "1.2"
| #define PACKAGE_STRING "libnet 1.2"
| #define PACKAGE_BUGREPORT "https://github.com/libnet/libnet/issues"
| #define PACKAGE_URL "https://github.com/libnet/libnet"
| #define PACKAGE "libnet"
| #define VERSION "1.2"
| #define STDC_HEADERS 1
| #define HAVE_SYS_TYPES_H 1
| #define HAVE_SYS_STAT_H 1
| #define HAVE_STDLIB_H 1
| #define HAVE_STRING_H 1
| #define HAVE_MEMORY_H 1
| #define HAVE_STRINGS_H 1
| #define HAVE_INTTYPES_H 1
| #define HAVE_STDINT_H 1
| #define HAVE_UNISTD_H 1
| #define __EXTENSIONS__ 1
| #define _ALL_SOURCE 1
| #define _GNU_SOURCE 1
| #define _POSIX_PTHREAD_SEMANTICS 1
| #define _TANDEM_SOURCE 1
| #define HAVE_DLFCN_H 1
| #define LT_OBJDIR ".libs/"
| #define HAVE_GETHOSTBYNAME2 1
| #define HAVE_GETIFADDRS 1
| #define HAVE_SOCKLEN_T 1
| /* end confdefs.h.  */
| #ifndef __APPLE_CC__
| 	       not a universal capable compiler
| 	     #endif
| 	     typedef int dummy;
| 
configure:12435: gcc -c -g -O2  conftest.c >&5
configure:12435: $? = 0
configure:12453: gcc -c -g -O2  conftest.c >&5
conftest.c: In function 'main':
conftest.c:38:18: error: unknown type name 'not'; did you mean 'ino_t'?
   38 |                  not big endian
      |                  ^~~
      |                  ino_t
conftest.c:38:26: error: expected '=', ',', ';', 'asm' or '__attribute__' before 'endian'
   38 |                  not big endian
      |                          ^~~~~~
configure:12453: $? = 1
configure: failed program was:
| /* confdefs.h */
| #define PACKAGE_NAME "libnet"
| #define PACKAGE_TARNAME "libnet"
| #define PACKAGE_VERSION "1.2"
| #define PACKAGE_STRING "libnet 1.2"
| #define PACKAGE_BUGREPORT "https://github.com/libnet/libnet/issues"
| #define PACKAGE_URL "https://github.com/libnet/libnet"
| #define PACKAGE "libnet"
| #define VERSION "1.2"
| #define STDC_HEADERS 1
| #define HAVE_SYS_TYPES_H 1
| #define HAVE_SYS_STAT_H 1
| #define HAVE_STDLIB_H 1
| #define HAVE_STRING_H 1
| #define HAVE_MEMORY_H 1
| #define HAVE_STRINGS_H 1
| #define HAVE_INTTYPES_H 1
| #define HAVE_STDINT_H 1
| #define HAVE_UNISTD_H 1
| #define __EXTENSIONS__ 1
| #define _ALL_SOURCE 1
| #define _GNU_SOURCE 1
| #define _POSIX_PTHREAD_SEMANTICS 1
| #define _TANDEM_SOURCE 1
| #define HAVE_DLFCN_H 1
| #define LT_OBJDIR ".libs/"
| #define HAVE_GETHOSTBYNAME2 1
| #define HAVE_GETIFADDRS 1
| #define HAVE_SOCKLEN_T 1
| /* end confdefs.h.  */
| #include <sys/types.h>
| 		#include <sys/param.h>
| 
| int
| main ()
| {
| #if BYTE_ORDER != BIG_ENDIAN
| 		 not big endian
| 		#endif
| 
|   ;
|   return 0;
| }
configure:12581: result: no
configure:12632: checking net/pfilt.h usability
configure:12632: gcc -c -g -O2  conftest.c >&5
conftest.c:65:10: fatal error: net/pfilt.h: No such file or directory
   65 | #include <net/pfilt.h>
      |          ^~~~~~~~~~~~~
compilation terminated.
configure:12632: $? = 1
configure: failed program was:
| /* confdefs.h */
| #define PACKAGE_NAME "libnet"
| #define PACKAGE_TARNAME "libnet"
| #define PACKAGE_VERSION "1.2"
| #define PACKAGE_STRING "libnet 1.2"
| #define PACKAGE_BUGREPORT "https://github.com/libnet/libnet/issues"
| #define PACKAGE_URL "https://github.com/libnet/libnet"
| #define PACKAGE "libnet"
| #define VERSION "1.2"
| #define STDC_HEADERS 1
| #define HAVE_SYS_TYPES_H 1
| #define HAVE_SYS_STAT_H 1
| #define HAVE_STDLIB_H 1
| #define HAVE_STRING_H 1
| #define HAVE_MEMORY_H 1
| #define HAVE_STRINGS_H 1
| #define HAVE_INTTYPES_H 1
| #define HAVE_STDINT_H 1
| #define HAVE_UNISTD_H 1
| #define __EXTENSIONS__ 1
| #define _ALL_SOURCE 1
| #define _GNU_SOURCE 1
| #define _POSIX_PTHREAD_SEMANTICS 1
| #define _TANDEM_SOURCE 1
| #define HAVE_DLFCN_H 1
| #define LT_OBJDIR ".libs/"
| #define HAVE_GETHOSTBYNAME2 1
| #define HAVE_GETIFADDRS 1
| #define HAVE_SOCKLEN_T 1
| #define LIBNET_LIL_ENDIAN 1
| /* end confdefs.h.  */
| #include <stdio.h>
| #ifdef HAVE_SYS_TYPES_H
| # include <sys/types.h>
| #endif
| #ifdef HAVE_SYS_STAT_H
| # include <sys/stat.h>
| #endif
| #ifdef STDC_HEADERS
| # include <stdlib.h>
| # include <stddef.h>
| #else
| # ifdef HAVE_STDLIB_H
| #  include <stdlib.h>
| # endif
| #endif
| #ifdef HAVE_STRING_H
| # if !defined STDC_HEADERS && defined HAVE_MEMORY_H
| #  include <memory.h>
| # endif
| # include <string.h>
| #endif
| #ifdef HAVE_STRINGS_H
| # include <strings.h>
| #endif
| #ifdef HAVE_INTTYPES_H
| # include <inttypes.h>
| #endif
| #ifdef HAVE_STDINT_H
| # include <stdint.h>
| #endif
| #ifdef HAVE_UNISTD_H
| # include <unistd.h>
| #endif
| #include <net/pfilt.h>
configure:12632: result: no
configure:12632: checking net/pfilt.h presence
configure:12632: gcc -E  conftest.c
conftest.c:32:10: fatal error: net/pfilt.h: No such file or directory
   32 | #include <net/pfilt.h>
      |          ^~~~~~~~~~~~~
compilation terminated.
configure:12632: $? = 1
configure: failed program was:
| /* confdefs.h */
| #define PACKAGE_NAME "libnet"
| #define PACKAGE_TARNAME "libnet"
| #define PACKAGE_VERSION "1.2"
| #define PACKAGE_STRING "libnet 1.2"
| #define PACKAGE_BUGREPORT "https://github.com/libnet/libnet/issues"
| #define PACKAGE_URL "https://github.com/libnet/libnet"
| #define PACKAGE "libnet"
| #define VERSION "1.2"
| #define STDC_HEADERS 1
| #define HAVE_SYS_TYPES_H 1
| #define HAVE_SYS_STAT_H 1
| #define HAVE_STDLIB_H 1
| #define HAVE_STRING_H 1
| #define HAVE_MEMORY_H 1
| #define HAVE_STRINGS_H 1
| #define HAVE_INTTYPES_H 1
| #define HAVE_STDINT_H 1
| #define HAVE_UNISTD_H 1
| #define __EXTENSIONS__ 1
| #define _ALL_SOURCE 1
| #define _GNU_SOURCE 1
| #define _POSIX_PTHREAD_SEMANTICS 1
| #define _TANDEM_SOURCE 1
| #define HAVE_DLFCN_H 1
| #define LT_OBJDIR ".libs/"
| #define HAVE_GETHOSTBYNAME2 1
| #define HAVE_GETIFADDRS 1
| #define HAVE_SOCKLEN_T 1
| #define LIBNET_LIL_ENDIAN 1
| /* end confdefs.h.  */
| #include <net/pfilt.h>
configure:12632: result: no
configure:12632: checking for net/pfilt.h
configure:12632: result: no
configure:12632: checking sys/net/nit.h usability
configure:12632: gcc -c -g -O2  conftest.c >&5
conftest.c:65:10: fatal error: sys/net/nit.h: No such file or directory
   65 | #include <sys/net/nit.h>
      |          ^~~~~~~~~~~~~~~
compilation terminated.
configure:12632: $? = 1
configure: failed program was:
| /* confdefs.h */
| #define PACKAGE_NAME "libnet"
| #define PACKAGE_TARNAME "libnet"
| #define PACKAGE_VERSION "1.2"
| #define PACKAGE_STRING "libnet 1.2"
| #define PACKAGE_BUGREPORT "https://github.com/libnet/libnet/issues"
| #define PACKAGE_URL "https://github.com/libnet/libnet"
| #define PACKAGE "libnet"
| #define VERSION "1.2"
| #define STDC_HEADERS 1
| #define HAVE_SYS_TYPES_H 1
| #define HAVE_SYS_STAT_H 1
| #define HAVE_STDLIB_H 1
| #define HAVE_STRING_H 1
| #define HAVE_MEMORY_H 1
| #define HAVE_STRINGS_H 1
| #define HAVE_INTTYPES_H 1
| #define HAVE_STDINT_H 1
| #define HAVE_UNISTD_H 1
| #define __EXTENSIONS__ 1
| #define _ALL_SOURCE 1
| #define _GNU_SOURCE 1
| #define _POSIX_PTHREAD_SEMANTICS 1
| #define _TANDEM_SOURCE 1
| #define HAVE_DLFCN_H 1
| #define LT_OBJDIR ".libs/"
| #define HAVE_GETHOSTBYNAME2 1
| #define HAVE_GETIFADDRS 1
| #define HAVE_SOCKLEN_T 1
| #define LIBNET_LIL_ENDIAN 1
| /* end confdefs.h.  */
| #include <stdio.h>
| #ifdef HAVE_SYS_TYPES_H
| # include <sys/types.h>
| #endif
| #ifdef HAVE_SYS_STAT_H
| # include <sys/stat.h>
| #endif
| #ifdef STDC_HEADERS
| # include <stdlib.h>
| # include <stddef.h>
| #else
| # ifdef HAVE_STDLIB_H
| #  include <stdlib.h>
| # endif
| #endif
| #ifdef HAVE_STRING_H
| # if !defined STDC_HEADERS && defined HAVE_MEMORY_H
| #  include <memory.h>
| # endif
| # include <string.h>
| #endif
| #ifdef HAVE_STRINGS_H
| # include <strings.h>
| #endif
| #ifdef HAVE_INTTYPES_H
| # include <inttypes.h>
| #endif
| #ifdef HAVE_STDINT_H
| # include <stdint.h>
| #endif
| #ifdef HAVE_UNISTD_H
| # include <unistd.h>
| #endif
| #include <sys/net/nit.h>
configure:12632: result: no
configure:12632: checking sys/net/nit.h presence
configure:12632: gcc -E  conftest.c
conftest.c:32:10: fatal error: sys/net/nit.h: No such file or directory
   32 | #include <sys/net/nit.h>
      |          ^~~~~~~~~~~~~~~
compilation terminated.
configure:12632: $? = 1
configure: failed program was:
| /* confdefs.h */
| #define PACKAGE_NAME "libnet"
| #define PACKAGE_TARNAME "libnet"
| #define PACKAGE_VERSION "1.2"
| #define PACKAGE_STRING "libnet 1.2"
| #define PACKAGE_BUGREPORT "https://github.com/libnet/libnet/issues"
| #define PACKAGE_URL "https://github.com/libnet/libnet"
| #define PACKAGE "libnet"
| #define VERSION "1.2"
| #define STDC_HEADERS 1
| #define HAVE_SYS_TYPES_H 1
| #define HAVE_SYS_STAT_H 1
| #define HAVE_STDLIB_H 1
| #define HAVE_STRING_H 1
| #define HAVE_MEMORY_H 1
| #define HAVE_STRINGS_H 1
| #define HAVE_INTTYPES_H 1
| #define HAVE_STDINT_H 1
| #define HAVE_UNISTD_H 1
| #define __EXTENSIONS__ 1
| #define _ALL_SOURCE 1
| #define _GNU_SOURCE 1
| #define _POSIX_PTHREAD_SEMANTICS 1
| #define _TANDEM_SOURCE 1
| #define HAVE_DLFCN_H 1
| #define LT_OBJDIR ".libs/"
| #define HAVE_GETHOSTBYNAME2 1
| #define HAVE_GETIFADDRS 1
| #define HAVE_SOCKLEN_T 1
| #define LIBNET_LIL_ENDIAN 1
| /* end confdefs.h.  */
| #include <sys/net/nit.h>
configure:12632: result: no
configure:12632: checking for sys/net/nit.h
configure:12632: result: no
configure:12632: checking net/raw.h usability
configure:12632: gcc -c -g -O2  conftest.c >&5
conftest.c:65:10: fatal error: net/raw.h: No such file or directory
   65 | #include <net/raw.h>
      |          ^~~~~~~~~~~
compilation terminated.
configure:12632: $? = 1
configure: failed program was:
| /* confdefs.h */
| #define PACKAGE_NAME "libnet"
| #define PACKAGE_TARNAME "libnet"
| #define PACKAGE_VERSION "1.2"
| #define PACKAGE_STRING "libnet 1.2"
| #define PACKAGE_BUGREPORT "https://github.com/libnet/libnet/issues"
| #define PACKAGE_URL "https://github.com/libnet/libnet"
| #define PACKAGE "libnet"
| #define VERSION "1.2"
| #define STDC_HEADERS 1
| #define HAVE_SYS_TYPES_H 1
| #define HAVE_SYS_STAT_H 1
| #define HAVE_STDLIB_H 1
| #define HAVE_STRING_H 1
| #define HAVE_MEMORY_H 1
| #define HAVE_STRINGS_H 1
| #define HAVE_INTTYPES_H 1
| #define HAVE_STDINT_H 1
| #define HAVE_UNISTD_H 1
| #define __EXTENSIONS__ 1
| #define _ALL_SOURCE 1
| #define _GNU_SOURCE 1
| #define _POSIX_PTHREAD_SEMANTICS 1
| #define _TANDEM_SOURCE 1
| #define HAVE_DLFCN_H 1
| #define LT_OBJDIR ".libs/"
| #define HAVE_GETHOSTBYNAME2 1
| #define HAVE_GETIFADDRS 1
| #define HAVE_SOCKLEN_T 1
| #define LIBNET_LIL_ENDIAN 1
| /* end confdefs.h.  */
| #include <stdio.h>
| #ifdef HAVE_SYS_TYPES_H
| # include <sys/types.h>
| #endif
| #ifdef HAVE_SYS_STAT_H
| # include <sys/stat.h>
| #endif
| #ifdef STDC_HEADERS
| # include <stdlib.h>
| # include <stddef.h>
| #else
| # ifdef HAVE_STDLIB_H
| #  include <stdlib.h>
| # endif
| #endif
| #ifdef HAVE_STRING_H
| # if !defined STDC_HEADERS && defined HAVE_MEMORY_H
| #  include <memory.h>
| # endif
| # include <string.h>
| #endif
| #ifdef HAVE_STRINGS_H
| # include <strings.h>
| #endif
| #ifdef HAVE_INTTYPES_H
| # include <inttypes.h>
| #endif
| #ifdef HAVE_STDINT_H
| # include <stdint.h>
| #endif
| #ifdef HAVE_UNISTD_H
| # include <unistd.h>
| #endif
| #include <net/raw.h>
configure:12632: result: no
configure:12632: checking net/raw.h presence
configure:12632: gcc -E  conftest.c
conftest.c:32:10: fatal error: net/raw.h: No such file or directory
   32 | #include <net/raw.h>
      |          ^~~~~~~~~~~
compilation terminated.
configure:12632: $? = 1
configure: failed program was:
| /* confdefs.h */
| #define PACKAGE_NAME "libnet"
| #define PACKAGE_TARNAME "libnet"
| #define PACKAGE_VERSION "1.2"
| #define PACKAGE_STRING "libnet 1.2"
| #define PACKAGE_BUGREPORT "https://github.com/libnet/libnet/issues"
| #define PACKAGE_URL "https://github.com/libnet/libnet"
| #define PACKAGE "libnet"
| #define VERSION "1.2"
| #define STDC_HEADERS 1
| #define HAVE_SYS_TYPES_H 1
| #define HAVE_SYS_STAT_H 1
| #define HAVE_STDLIB_H 1
| #define HAVE_STRING_H 1
| #define HAVE_MEMORY_H 1
| #define HAVE_STRINGS_H 1
| #define HAVE_INTTYPES_H 1
| #define HAVE_STDINT_H 1
| #define HAVE_UNISTD_H 1
| #define __EXTENSIONS__ 1
| #define _ALL_SOURCE 1
| #define _GNU_SOURCE 1
| #define _POSIX_PTHREAD_SEMANTICS 1
| #define _TANDEM_SOURCE 1
| #define HAVE_DLFCN_H 1
| #define LT_OBJDIR ".libs/"
| #define HAVE_GETHOSTBYNAME2 1
| #define HAVE_GETIFADDRS 1
| #define HAVE_SOCKLEN_T 1
| #define LIBNET_LIL_ENDIAN 1
| /* end confdefs.h.  */
| #include <net/raw.h>
configure:12632: result: no
configure:12632: checking for net/raw.h
configure:12632: result: no
configure:12632: checking sys/dlpi.h usability
configure:12632: gcc -c -g -O2  conftest.c >&5
conftest.c:65:10: fatal error: sys/dlpi.h: No such file or directory
   65 | #include <sys/dlpi.h>
      |          ^~~~~~~~~~~~
compilation terminated.
configure:12632: $? = 1
configure: failed program was:
| /* confdefs.h */
| #define PACKAGE_NAME "libnet"
| #define PACKAGE_TARNAME "libnet"
| #define PACKAGE_VERSION "1.2"
| #define PACKAGE_STRING "libnet 1.2"
| #define PACKAGE_BUGREPORT "https://github.com/libnet/libnet/issues"
| #define PACKAGE_URL "https://github.com/libnet/libnet"
| #define PACKAGE "libnet"
| #define VERSION "1.2"
| #define STDC_HEADERS 1
| #define HAVE_SYS_TYPES_H 1
| #define HAVE_SYS_STAT_H 1
| #define HAVE_STDLIB_H 1
| #define HAVE_STRING_H 1
| #define HAVE_MEMORY_H 1
| #define HAVE_STRINGS_H 1
| #define HAVE_INTTYPES_H 1
| #define HAVE_STDINT_H 1
| #define HAVE_UNISTD_H 1
| #define __EXTENSIONS__ 1
| #define _ALL_SOURCE 1
| #define _GNU_SOURCE 1
| #define _POSIX_PTHREAD_SEMANTICS 1
| #define _TANDEM_SOURCE 1
| #define HAVE_DLFCN_H 1
| #define LT_OBJDIR ".libs/"
| #define HAVE_GETHOSTBYNAME2 1
| #define HAVE_GETIFADDRS 1
| #define HAVE_SOCKLEN_T 1
| #define LIBNET_LIL_ENDIAN 1
| /* end confdefs.h.  */
| #include <stdio.h>
| #ifdef HAVE_SYS_TYPES_H
| # include <sys/types.h>
| #endif
| #ifdef HAVE_SYS_STAT_H
| # include <sys/stat.h>
| #endif
| #ifdef STDC_HEADERS
| # include <stdlib.h>
| # include <stddef.h>
| #else
| # ifdef HAVE_STDLIB_H
| #  include <stdlib.h>
| # endif
| #endif
| #ifdef HAVE_STRING_H
| # if !defined STDC_HEADERS && defined HAVE_MEMORY_H
| #  include <memory.h>
| # endif
| # include <string.h>
| #endif
| #ifdef HAVE_STRINGS_H
| # include <strings.h>
| #endif
| #ifdef HAVE_INTTYPES_H
| # include <inttypes.h>
| #endif
| #ifdef HAVE_STDINT_H
| # include <stdint.h>
| #endif
| #ifdef HAVE_UNISTD_H
| # include <unistd.h>
| #endif
| #include <sys/dlpi.h>
configure:12632: result: no
configure:12632: checking sys/dlpi.h presence
configure:12632: gcc -E  conftest.c
conftest.c:32:10: fatal error: sys/dlpi.h: No such file or directory
   32 | #include <sys/dlpi.h>
      |          ^~~~~~~~~~~~
compilation terminated.
configure:12632: $? = 1
configure: failed program was:
| /* confdefs.h */
| #define PACKAGE_NAME "libnet"
| #define PACKAGE_TARNAME "libnet"
| #define PACKAGE_VERSION "1.2"
| #define PACKAGE_STRING "libnet 1.2"
| #define PACKAGE_BUGREPORT "https://github.com/libnet/libnet/issues"
| #define PACKAGE_URL "https://github.com/libnet/libnet"
| #define PACKAGE "libnet"
| #define VERSION "1.2"
| #define STDC_HEADERS 1
| #define HAVE_SYS_TYPES_H 1
| #define HAVE_SYS_STAT_H 1
| #define HAVE_STDLIB_H 1
| #define HAVE_STRING_H 1
| #define HAVE_MEMORY_H 1
| #define HAVE_STRINGS_H 1
| #define HAVE_INTTYPES_H 1
| #define HAVE_STDINT_H 1
| #define HAVE_UNISTD_H 1
| #define __EXTENSIONS__ 1
| #define _ALL_SOURCE 1
| #define _GNU_SOURCE 1
| #define _POSIX_PTHREAD_SEMANTICS 1
| #define _TANDEM_SOURCE 1
| #define HAVE_DLFCN_H 1
| #define LT_OBJDIR ".libs/"
| #define HAVE_GETHOSTBYNAME2 1
| #define HAVE_GETIFADDRS 1
| #define HAVE_SOCKLEN_T 1
| #define LIBNET_LIL_ENDIAN 1
| /* end confdefs.h.  */
| #include <sys/dlpi.h>
configure:12632: result: no
configure:12632: checking for sys/dlpi.h
configure:12632: result: no
configure:12632: checking linux/socket.h usability
configure:12632: gcc -c -g -O2  conftest.c >&5
configure:12632: $? = 0
configure:12632: result: yes
configure:12632: checking linux/socket.h presence
configure:12632: gcc -E  conftest.c
configure:12632: $? = 0
configure:12632: result: yes
configure:12632: checking for linux/socket.h
configure:12632: result: yes
configure:12643: checking link-layer packet interface type
configure:12889: result: found link layer linux
configure:12892: checking for packet socket (PF_PACKET)
configure:12954: result: test program got EPERM... assuming yes
configure:12973: checking for Linux proc filesystem
configure:12985: result: yes
configure:13160: checking for doxygen
configure:13193: result: no
configure:13213: WARNING: doxygen not found - will not generate any doxygen documentation
configure:13266: checking for perl
configure:13284: found /usr/bin/perl
configure:13296: result: /usr/bin/perl
configure:15045: checking whether to build sample programs
configure:15055: result: no
configure:15090: checking net/ethernet.h usability
configure:15090: gcc -c -g -O2  conftest.c >&5
configure:15090: $? = 0
configure:15090: result: yes
configure:15090: checking net/ethernet.h presence
configure:15090: gcc -E  conftest.c
configure:15090: $? = 0
configure:15090: result: yes
configure:15090: checking for net/ethernet.h
configure:15090: result: yes
configure:15908: checking that generated files are newer than configure
configure:15914: result: done
configure:15954: creating ./config.status

## ---------------------- ##
## Running config.status. ##
## ---------------------- ##

This file was extended by libnet config.status 1.2, which was
generated by GNU Autoconf 2.69.  Invocation command line was

  CONFIG_FILES    = 
  CONFIG_HEADERS  = 
  CONFIG_LINKS    = 
  CONFIG_COMMANDS = 
  $ ./config.status 

on MINHDANGLAPTOP

config.status:1166: creating Makefile
config.status:1166: creating Doxyfile
config.status:1166: creating libnet-config
config.status:1166: creating doc/Makefile
config.status:1166: creating doc/man/Makefile
config.status:1166: creating doc/man/man1/Makefile
config.status:1166: creating doc/man/man3/Makefile
config.status:1166: creating include/Makefile
config.status:1166: creating include/libnet.h
config.status:1166: creating libnet.pc
config.status:1166: creating src/Makefile
config.status:1166: creating sample/Makefile
config.status:1166: creating win32/Makefile
config.status:1166: creating doc/fixmanpages
config.status:1166: creating include/config.h
config.status:1347: include/config.h is unchanged
config.status:1395: executing libtool commands
configure:18062: result:
-=-=-=-=-=-=-=-=-=-= libnet Configuration Complete =-=-=-=-=-=-=-=-=-=-

    Version ....................... 1.2

    Host .......................... x86_64-pc-linux-gnu
    Operating System .............. linux-gnu
    Host CPU ...................... x86_64
    Host Vendor ................... pc
    Host OS ....................... linux-gnu
    Prefix ........................ /usr/local

    Cross-compiling ............... no
    Compiler is GCC ............... yes
    CC ............................ gcc
    CFLAGS ........................ -g -O2
    LD ............................ /usr/bin/ld -m elf_x86_64
    LDFLAGS ....................... 
    LIBS .......................... 

    Link Layer .................... linux
    Shared Libraries .............. yes
    Static Libraries .............. yes
    PIC ........................... yes
    Build Sample Programs ......... no
    Rebuild docs .................. no

To override options

	./configure --help

Report bugs to https://github.com/libnet/libnet/issues

-=-=-=-=-=-=-=-=-=-=-=-=-=-=-=-=-=-=-=-=-=-=-=-=-=-=-=-=-=-=-=-=-=-=-=-
To disable silent build and print the full command line of every stage

	make V=1


## ---------------- ##
## Cache variables. ##
## ---------------- ##

ac_cv_build=x86_64-pc-linux-gnu
ac_cv_c_bigendian=no
ac_cv_c_compiler_gnu=yes
ac_cv_c_uint16_t=yes
ac_cv_c_uint32_t=yes
ac_cv_c_uint64_t=yes
ac_cv_env_CC_set=
ac_cv_env_CC_value=
ac_cv_env_CFLAGS_set=
ac_cv_env_CFLAGS_value=
ac_cv_env_CPPFLAGS_set=
ac_cv_env_CPPFLAGS_value=
ac_cv_env_CPP_set=
ac_cv_env_CPP_value=
ac_cv_env_DOXYGEN_PAPER_SIZE_set=
ac_cv_env_DOXYGEN_PAPER_SIZE_value=
ac_cv_env_LDFLAGS_set=
ac_cv_env_LDFLAGS_value=
ac_cv_env_LIBS_set=
ac_cv_env_LIBS_value=
ac_cv_env_LT_SYS_LIBRARY_PATH_set=
ac_cv_env_LT_SYS_LIBRARY_PATH_value=
ac_cv_env_build_alias_set=
ac_cv_env_build_alias_value=
ac_cv_env_host_alias_set=
ac_cv_env_host_alias_value=
ac_cv_env_target_alias_set=
ac_cv_env_target_alias_value=
ac_cv_func_gethostbyname2=yes
ac_cv_func_getifaddrs=yes
ac_cv_header_dlfcn_h=yes
ac_cv_header_inttypes_h=yes
ac_cv_header_linux_socket_h=yes
ac_cv_header_memory_h=yes
ac_cv_header_minix_config_h=no
ac_cv_header_net_ethernet_h=yes
ac_cv_header_net_pfilt_h=no
ac_cv_header_net_raw_h=no
ac_cv_header_stdc=yes
ac_cv_header_stdint_h=yes
ac_cv_header_stdlib_h=yes
ac_cv_header_string_h=yes
ac_cv_header_strings_h=yes
ac_cv_header_sys_dlpi_h=no
ac_cv_header_sys_net_nit_h=no
ac_cv_header_sys_sockio_h=no
ac_cv_header_sys_stat_h=yes
ac_cv_header_sys_types_h=yes
ac_cv_header_unistd_h=yes
ac_cv_host=x86_64-pc-linux-gnu
ac_cv_libnet_linux_procfs=yes
ac_cv_objext=o
ac_cv_path_EGREP='/usr/bin/grep -E'
ac_cv_path_FGREP='/usr/bin/grep -F'
ac_cv_path_GREP=/usr/bin/grep
ac_cv_path_SED=/usr/bin/sed
ac_cv_path_ac_pt_DX_PERL=/usr/bin/perl
ac_cv_path_install='/usr/bin/install -c'
ac_cv_path_lt_DD=/usr/bin/dd
ac_cv_path_mkdir=/usr/bin/mkdir
ac_cv_path_shell=/bin/bash
ac_cv_prog_AWK=gawk
ac_cv_prog_CHMOD=chmod
ac_cv_prog_CPP='gcc -E'
ac_cv_prog_ac_ct_AR=ar
ac_cv_prog_ac_ct_CC=gcc
ac_cv_prog_ac_ct_MANIFEST_TOOL=mt
ac_cv_prog_ac_ct_OBJDUMP=objdump
ac_cv_prog_ac_ct_RANLIB=ranlib
ac_cv_prog_ac_ct_STRIP=strip
ac_cv_prog_cc_c89=
ac_cv_prog_cc_g=yes
ac_cv_prog_make_make_set=no
ac_cv_safe_to_define___extensions__=yes
ac_cv_target=x86_64-pc-linux-gnu
am_cv_make_support_nested_variables=no
am_cv_prog_cc_c_o=yes
libnet_cv_have_packet_socket=probably
lt_cv_ar_at_file=@
lt_cv_archive_cmds_need_lc=no
lt_cv_deplibs_check_method=pass_all
lt_cv_file_magic_cmd='$MAGIC_CMD'
lt_cv_file_magic_test_file=
lt_cv_ld_reload_flag=-r
lt_cv_nm_interface='BSD nm'
lt_cv_objdir=.libs
lt_cv_path_LD=/usr/bin/ld
lt_cv_path_NM='/usr/bin/nm -B'
lt_cv_path_mainfest_tool=no
lt_cv_prog_compiler_c_o=yes
lt_cv_prog_compiler_pic='-fPIC -DPIC'
lt_cv_prog_compiler_pic_works=yes
lt_cv_prog_compiler_rtti_exceptions=no
lt_cv_prog_compiler_static_works=yes
lt_cv_prog_gnu_ld=yes
lt_cv_sharedlib_from_linklib_cmd='printf %s\n'
lt_cv_shlibpath_overrides_runpath=yes
lt_cv_sys_global_symbol_pipe='sed -n -e '\''s/^.*[	 ]\([ABCDGIRSTW][ABCDGIRSTW]*\)[	 ][	 ]*\([_A-Za-z][_A-Za-z0-9]*\)$/\1 \2 \2/p'\'' | sed '\''/ __gnu_lto/d'\'''
lt_cv_sys_global_symbol_to_c_name_address='sed -n -e '\''s/^: \(.*\) .*$/  {"\1", (void *) 0},/p'\'' -e '\''s/^[ABCDGIRSTW][ABCDGIRSTW]* .* \(.*\)$/  {"\1", (void *) \&\1},/p'\'''
lt_cv_sys_global_symbol_to_c_name_address_lib_prefix='sed -n -e '\''s/^: \(.*\) .*$/  {"\1", (void *) 0},/p'\'' -e '\''s/^[ABCDGIRSTW][ABCDGIRSTW]* .* \(lib.*\)$/  {"\1", (void *) \&\1},/p'\'' -e '\''s/^[ABCDGIRSTW][ABCDGIRSTW]* .* \(.*\)$/  {"lib\1", (void *) \&\1},/p'\'''
lt_cv_sys_global_symbol_to_cdecl='sed -n -e '\''s/^T .* \(.*\)$/extern int \1();/p'\'' -e '\''s/^[ABCDGIRSTW][ABCDGIRSTW]* .* \(.*\)$/extern char \1;/p'\'''
lt_cv_sys_global_symbol_to_import=
lt_cv_sys_max_cmd_len=1572864
lt_cv_to_host_file_cmd=func_convert_file_noop
lt_cv_to_tool_file_cmd=func_convert_file_noop
lt_cv_truncate_bin='/usr/bin/dd bs=4096 count=1'

## ----------------- ##
## Output variables. ##
## ----------------- ##

ACLOCAL='${SHELL} /home/minhdang118/textbooks/erickson_hacking/nemesis_build/libnet-1.2/missing aclocal-1.16'
ADDITIONAL_LIBS=''
AMTAR='$${TAR-tar}'
AM_BACKSLASH='\'
AM_DEFAULT_V='0'
AM_DEFAULT_VERBOSITY='0'
AM_V='0'
AR='ar'
AUTOCONF='${SHELL} /home/minhdang118/textbooks/erickson_hacking/nemesis_build/libnet-1.2/missing autoconf'
AUTOHEADER='${SHELL} /home/minhdang118/textbooks/erickson_hacking/nemesis_build/libnet-1.2/missing autoheader'
AUTOMAKE='${SHELL} /home/minhdang118/textbooks/erickson_hacking/nemesis_build/libnet-1.2/missing automake-1.16'
AWK='gawk'
CC='gcc'
CFLAGS='-g -O2'
CHMOD='chmod'
COND_SHARED_FALSE='#'
COND_SHARED_TRUE=''
CPP='gcc -E'
CPPFLAGS=''
CYGPATH_W='echo'
DEFS='-DHAVE_CONFIG_H'
DLLTOOL='false'
DOT_PATH=''
DOXYGEN_PAPER_SIZE=''
DSYMUTIL=''
DUMPBIN=''
DX_CONFIG='${top_builddir}/Doxyfile'
DX_DOCDIR='doc'
DX_DOT=''
DX_DOXYGEN=''
DX_DVIPS=''
DX_EGREP=''
DX_ENV=' SRCDIR='\''.'\'' PROJECT='\''libnet'\'' VERSION='\''1.2'\'' HAVE_DOT='\''NO'\'' GENERATE_MAN='\''NO'\'' GENERATE_RTF='\''NO'\'' GENERATE_XML='\''NO'\'' GENERATE_HTMLHELP='\''NO'\'' GENERATE_CHI='\''NO'\'' GENERATE_HTML='\''NO'\'' GENERATE_LATEX='\''NO'\'''
DX_FLAG_chi='0'
DX_FLAG_chm='0'
DX_FLAG_doc='0'
DX_FLAG_dot='0'
DX_FLAG_html='0'
DX_FLAG_man='0'
DX_FLAG_pdf='0'
DX_FLAG_ps='0'
DX_FLAG_rtf='0'
DX_FLAG_xml='0'
DX_HHC=''
DX_LATEX=''
DX_MAKEINDEX=''
DX_PDFLATEX=''
DX_PERL='/usr/bin/perl'
DX_PROJECT='libnet'
DX_RULES=''
ECHO_C=''
ECHO_N='-n'
ECHO_T=''
EGREP='/usr/bin/grep -E'
ENABLE_DOXYGEN_FALSE=''
ENABLE_DOXYGEN_TRUE='#'
ENABLE_HTML_FALSE=''
ENABLE_HTML_TRUE='#'
ENABLE_MAN_FALSE=''
ENABLE_MAN_TRUE='#'
ENABLE_SAMPLES_FALSE=''
ENABLE_SAMPLES_TRUE='#'
ENDIANESS='LIBNET_LIL_ENDIAN'
EXEEXT=''
FGREP='/usr/bin/grep -F'
GENERATE_CHI='NO'
GENERATE_HTML='NO'
GENERATE_HTMLHELP='NO'
GENERATE_LATEX='NO'
GENERATE_MAN='NO'
GENERATE_RTF='NO'
GENERATE_XML='NO'
GREP='/usr/bin/grep'
HAVE_DOT='NO'
HAVE_PACKET_SOCKET=''
HHC_PATH=''
INSTALL_DATA='${INSTALL} -m 644'
INSTALL_PROGRAM='${INSTALL}'
INSTALL_SCRIPT='${INSTALL}'
INSTALL_STRIP_PROGRAM='$(install_sh) -c -s'
LD='/usr/bin/ld -m elf_x86_64'
LDFLAGS=''
LIBOBJS=' ${LIBOBJDIR}libnet_link_linux$U.o'
LIBS=''
LIBTOOL='$(SHELL) $(top_builddir)/libtool'
LIPO=''
LN_S='ln -s'
LTLIBOBJS=' ${LIBOBJDIR}libnet_link_linux$U.lo'
LT_SYS_LIBRARY_PATH=''
MAKEINFO='${SHELL} /home/minhdang118/textbooks/erickson_hacking/nemesis_build/libnet-1.2/missing makeinfo'
MANIFEST_TOOL=':'
MKDIR_P='/usr/bin/mkdir -p'
NM='/usr/bin/nm -B'
NMEDIT=''
OBJDUMP='objdump'
OBJEXT='o'
OTOOL64=''
OTOOL=''
PACKAGE='libnet'
PACKAGE_BUGREPORT='https://github.com/libnet/libnet/issues'
PACKAGE_NAME='libnet'
PACKAGE_STRING='libnet 1.2'
PACKAGE_TARNAME='libnet'
PACKAGE_URL='https://github.com/libnet/libnet'
PACKAGE_VERSION='1.2'
PAPER_SIZE=''
PATH_SEPARATOR=':'
PERL_PATH=''
PKG_CONFIG_CFLAGS=''
PKG_CONFIG_DEFINES='-D_BSD_SOURCE -D_DEFAULT_SOURCE -DHAVE_NET_ETHERNET_H'
PKG_CONFIG_LIBS=''
PROJECT='libnet'
RANLIB='ranlib'
SED='/usr/bin/sed'
SET_MAKE='MAKE=make'
SHELL='/bin/bash'
SRCDIR='.'
STRIP='strip'
VERSION='1.2'
WIN32=''
WIN32_FALSE=''
WIN32_TRUE='#'
WINDRES=''
ac_ct_AR='ar'
ac_ct_CC='gcc'
ac_ct_DUMPBIN=''
am__EXEEXT_FALSE=''
am__EXEEXT_TRUE='#'
am__isrc=''
am__leading_dot='.'
am__tar='$${TAR-tar} chof - "$$tardir"'
am__untar='$${TAR-tar} xf -'
bindir='${exec_prefix}/bin'
build='x86_64-pc-linux-gnu'
build_alias=''
build_cpu='x86_64'
build_os='linux-gnu'
build_vendor='pc'
datadir='${datarootdir}'
datarootdir='${prefix}/share'
docdir='${datarootdir}/doc/${PACKAGE_TARNAME}'
dvidir='${docdir}'
exec_prefix='${prefix}'
host='x86_64-pc-linux-gnu'
host_alias=''
host_cpu='x86_64'
host_os='linux-gnu'
host_vendor='pc'
htmldir='${docdir}'
includedir='${prefix}/include'
infodir='${datarootdir}/info'
install_sh='${SHELL} /home/minhdang118/textbooks/erickson_hacking/nemesis_build/libnet-1.2/install-sh'
libdir='${exec_prefix}/lib'
libexecdir='${exec_prefix}/libexec'
localedir='${datarootdir}/locale'
localstatedir='${prefix}/var'
mandir='${datarootdir}/man'
mkdir_p='$(MKDIR_P)'
oldincludedir='/usr/include'
pdfdir='${docdir}'
prefix='/usr/local'
program_transform_name='s,x,x,'
psdir='${docdir}'
runstatedir='${localstatedir}/run'
sbindir='${exec_prefix}/sbin'
sharedstatedir='${prefix}/com'
sysconfdir='${prefix}/etc'
target='x86_64-pc-linux-gnu'
target_alias=''
target_cpu='x86_64'
target_os='linux-gnu'
target_vendor='pc'

## ----------- ##
## confdefs.h. ##
## ----------- ##

/* confdefs.h */
#define PACKAGE_NAME "libnet"
#define PACKAGE_TARNAME "libnet"
#define PACKAGE_VERSION "1.2"
#define PACKAGE_STRING "libnet 1.2"
#define PACKAGE_BUGREPORT "https://github.com/libnet/libnet/issues"
#define PACKAGE_URL "https://github.com/libnet/libnet"
#define PACKAGE "libnet"
#define VERSION "1.2"
#define STDC_HEADERS 1
#define HAVE_SYS_TYPES_H 1
#define HAVE_SYS_STAT_H 1
#define HAVE_STDLIB_H 1
#define HAVE_STRING_H 1
#define HAVE_MEMORY_H 1
#define HAVE_STRINGS_H 1
#define HAVE_INTTYPES_H 1
#define HAVE_STDINT_H 1
#define HAVE_UNISTD_H 1
#define __EXTENSIONS__ 1
#define _ALL_SOURCE 1
#define _GNU_SOURCE 1
#define _POSIX_PTHREAD_SEMANTICS 1
#define _TANDEM_SOURCE 1
#define HAVE_DLFCN_H 1
#define LT_OBJDIR ".libs/"
#define HAVE_GETHOSTBYNAME2 1
#define HAVE_GETIFADDRS 1
#define HAVE_SOCKLEN_T 1
#define LIBNET_LIL_ENDIAN 1
#define HAVE_LINUX_SOCKET_H 1
#define HAVE_PACKET_SOCKET 1
#define HAVE_LINUX_PROCFS 1
#define _BSD_SOURCE 1
#define _DEFAULT_SOURCE 1
#define HAVE_NET_ETHERNET_H 1

configure: exit 0
