This file contains any messages produced by compilers while
running configure, to aid debugging if configure makes a mistake.

It was created by nemesis configure 1.8, which was
generated by GNU Autoconf 2.69.  Invocation command line was

  $ ./configure --with-libnet-includes=/home/minhdang118/textbooks/erickson_hacking/nemesis_build/libnet-1.2/include

## --------- ##
## Platform. ##
## --------- ##

hostname = MINHDANGLAPTOP
uname -m = x86_64
uname -r = 5.15.90.1-microsoft-standard-WSL2
uname -s = Linux
uname -v = #1 SMP Fri Jan 27 02:56:13 UTC 2023

/usr/bin/uname -p = x86_64
/bin/uname -X     = unknown

/bin/arch              = x86_64
/usr/bin/arch -k       = unknown
/usr/convex/getsysinfo = unknown
/usr/bin/hostinfo      = unknown
/bin/machine           = unknown
/usr/bin/oslevel       = unknown
/bin/universe          = unknown

PATH: /usr/local/sbin
PATH: /usr/local/bin
PATH: /usr/sbin
PATH: /usr/bin
PATH: /sbin
PATH: /bin
PATH: /usr/games
PATH: /usr/local/games
PATH: /usr/lib/wsl/lib
PATH: /mnt/c/Program Files/WindowsApps/Microsoft.WindowsTerminal_1.16.10262.0_x64__8wekyb3d8bbwe
PATH: /mnt/c/Windows/system32
PATH: /mnt/c/Windows
PATH: /mnt/c/Windows/System32/Wbem
PATH: /mnt/c/Windows/System32/WindowsPowerShell/v1.0/
PATH: /mnt/c/Windows/System32/OpenSSH/
PATH: /mnt/c/Program Files/dotnet/
PATH: /mnt/c/Program Files/NVIDIA Corporation/NVIDIA NvDLISR
PATH: /mnt/c/Program Files/Git/cmd
PATH: /mnt/c/Users/danga/AppData/Local/Microsoft/WindowsApps
PATH: /mnt/c/Users/danga/AppData/Local/Programs/Microsoft VS Code/bin
PATH: /mnt/c/Users/danga/AppData/Roaming/TinyTeX/bin/win32
PATH: /snap/bin


## ----------- ##
## Core tests. ##
## ----------- ##

configure:2269: checking for a BSD-compatible install
configure:2337: result: /usr/bin/install -c
configure:2348: checking whether build environment is sane
configure:2403: result: yes
configure:2554: checking for a thread-safe mkdir -p
configure:2593: result: /usr/bin/mkdir -p
configure:2600: checking for gawk
configure:2616: found /usr/bin/gawk
configure:2627: result: gawk
configure:2638: checking whether make sets $(MAKE)
configure:2660: result: yes
configure:2689: checking whether make supports nested variables
configure:2706: result: yes
configure:2843: checking whether make supports nested variables
configure:2860: result: yes
configure:2884: checking build system type
configure:2898: result: x86_64-pc-linux-gnu
configure:2918: checking host system type
configure:2931: result: x86_64-pc-linux-gnu
configure:2957: checking whether make supports the include directive
configure:2972: make -f confmf.GNU && cat confinc.out
this is the am__doit target
configure:2975: $? = 0
configure:2994: result: yes (GNU style)
configure:3064: checking for gcc
configure:3080: found /usr/bin/gcc
configure:3091: result: gcc
configure:3320: checking for C compiler version
configure:3329: gcc --version >&5
gcc (Ubuntu 11.3.0-1ubuntu1~22.04) 11.3.0
Copyright (C) 2021 Free Software Foundation, Inc.
This is free software; see the source for copying conditions.  There is NO
warranty; not even for MERCHANTABILITY or FITNESS FOR A PARTICULAR PURPOSE.

configure:3340: $? = 0
configure:3329: gcc -v >&5
Using built-in specs.
COLLECT_GCC=gcc
COLLECT_LTO_WRAPPER=/usr/lib/gcc/x86_64-linux-gnu/11/lto-wrapper
OFFLOAD_TARGET_NAMES=nvptx-none:amdgcn-amdhsa
OFFLOAD_TARGET_DEFAULT=1
Target: x86_64-linux-gnu
Configured with: ../src/configure -v --with-pkgversion='Ubuntu 11.3.0-1ubuntu1~22.04' --with-bugurl=file:///usr/share/doc/gcc-11/README.Bugs --enable-languages=c,ada,c++,go,brig,d,fortran,objc,obj-c++,m2 --prefix=/usr --with-gcc-major-version-only --program-suffix=-11 --program-prefix=x86_64-linux-gnu- --enable-shared --enable-linker-build-id --libexecdir=/usr/lib --without-included-gettext --enable-threads=posix --libdir=/usr/lib --enable-nls --enable-bootstrap --enable-clocale=gnu --enable-libstdcxx-debug --enable-libstdcxx-time=yes --with-default-libstdcxx-abi=new --enable-gnu-unique-object --disable-vtable-verify --enable-plugin --enable-default-pie --with-system-zlib --enable-libphobos-checking=release --with-target-system-zlib=auto --enable-objc-gc=auto --enable-multiarch --disable-werror --enable-cet --with-arch-32=i686 --with-abi=m64 --with-multilib-list=m32,m64,mx32 --enable-multilib --with-tune=generic --enable-offload-targets=nvptx-none=/build/gcc-11-xKiWfi/gcc-11-11.3.0/debian/tmp-nvptx/usr,amdgcn-amdhsa=/build/gcc-11-xKiWfi/gcc-11-11.3.0/debian/tmp-gcn/usr --without-cuda-driver --enable-checking=release --build=x86_64-linux-gnu --host=x86_64-linux-gnu --target=x86_64-linux-gnu --with-build-config=bootstrap-lto-lean --enable-link-serialization=2
Thread model: posix
Supported LTO compression algorithms: zlib zstd
gcc version 11.3.0 (Ubuntu 11.3.0-1ubuntu1~22.04) 
... rest of stderr output deleted ...
configure:3340: $? = 0
configure:3329: gcc -V >&5
gcc: error: unrecognized command-line option '-V'
gcc: fatal error: no input files
compilation terminated.
configure:3340: $? = 1
configure:3329: gcc -qversion >&5
gcc: error: unrecognized command-line option '-qversion'; did you mean '--version'?
gcc: fatal error: no input files
compilation terminated.
configure:3340: $? = 1
configure:3360: checking whether the C compiler works
configure:3382: gcc    conftest.c  >&5
configure:3386: $? = 0
configure:3434: result: yes
configure:3437: checking for C compiler default output file name
configure:3439: result: a.out
configure:3445: checking for suffix of executables
configure:3452: gcc -o conftest    conftest.c  >&5
configure:3456: $? = 0
configure:3478: result: 
configure:3500: checking whether we are cross compiling
configure:3508: gcc -o conftest    conftest.c  >&5
configure:3512: $? = 0
configure:3519: ./conftest
configure:3523: $? = 0
configure:3538: result: no
configure:3543: checking for suffix of object files
configure:3565: gcc -c   conftest.c >&5
configure:3569: $? = 0
configure:3590: result: o
configure:3594: checking whether we are using the GNU C compiler
configure:3613: gcc -c   conftest.c >&5
configure:3613: $? = 0
configure:3622: result: yes
configure:3631: checking whether gcc accepts -g
configure:3651: gcc -c -g  conftest.c >&5
configure:3651: $? = 0
configure:3692: result: yes
configure:3709: checking for gcc option to accept ISO C89
configure:3772: gcc  -c -g -O2  conftest.c >&5
configure:3772: $? = 0
configure:3785: result: none needed
configure:3810: checking whether gcc understands -c and -o together
configure:3832: gcc -c conftest.c -o conftest2.o
configure:3835: $? = 0
configure:3832: gcc -c conftest.c -o conftest2.o
configure:3835: $? = 0
configure:3847: result: yes
configure:3866: checking dependency style of gcc
configure:3977: result: gcc3
configure:4042: checking for gcc
configure:4069: result: gcc
configure:4298: checking for C compiler version
configure:4307: gcc --version >&5
gcc (Ubuntu 11.3.0-1ubuntu1~22.04) 11.3.0
Copyright (C) 2021 Free Software Foundation, Inc.
This is free software; see the source for copying conditions.  There is NO
warranty; not even for MERCHANTABILITY or FITNESS FOR A PARTICULAR PURPOSE.

configure:4318: $? = 0
configure:4307: gcc -v >&5
Using built-in specs.
COLLECT_GCC=gcc
COLLECT_LTO_WRAPPER=/usr/lib/gcc/x86_64-linux-gnu/11/lto-wrapper
OFFLOAD_TARGET_NAMES=nvptx-none:amdgcn-amdhsa
OFFLOAD_TARGET_DEFAULT=1
Target: x86_64-linux-gnu
Configured with: ../src/configure -v --with-pkgversion='Ubuntu 11.3.0-1ubuntu1~22.04' --with-bugurl=file:///usr/share/doc/gcc-11/README.Bugs --enable-languages=c,ada,c++,go,brig,d,fortran,objc,obj-c++,m2 --prefix=/usr --with-gcc-major-version-only --program-suffix=-11 --program-prefix=x86_64-linux-gnu- --enable-shared --enable-linker-build-id --libexecdir=/usr/lib --without-included-gettext --enable-threads=posix --libdir=/usr/lib --enable-nls --enable-bootstrap --enable-clocale=gnu --enable-libstdcxx-debug --enable-libstdcxx-time=yes --with-default-libstdcxx-abi=new --enable-gnu-unique-object --disable-vtable-verify --enable-plugin --enable-default-pie --with-system-zlib --enable-libphobos-checking=release --with-target-system-zlib=auto --enable-objc-gc=auto --enable-multiarch --disable-werror --enable-cet --with-arch-32=i686 --with-abi=m64 --with-multilib-list=m32,m64,mx32 --enable-multilib --with-tune=generic --enable-offload-targets=nvptx-none=/build/gcc-11-xKiWfi/gcc-11-11.3.0/debian/tmp-nvptx/usr,amdgcn-amdhsa=/build/gcc-11-xKiWfi/gcc-11-11.3.0/debian/tmp-gcn/usr --without-cuda-driver --enable-checking=release --build=x86_64-linux-gnu --host=x86_64-linux-gnu --target=x86_64-linux-gnu --with-build-config=bootstrap-lto-lean --enable-link-serialization=2
Thread model: posix
Supported LTO compression algorithms: zlib zstd
gcc version 11.3.0 (Ubuntu 11.3.0-1ubuntu1~22.04) 
... rest of stderr output deleted ...
configure:4318: $? = 0
configure:4307: gcc -V >&5
gcc: error: unrecognized command-line option '-V'
gcc: fatal error: no input files
compilation terminated.
configure:4318: $? = 1
configure:4307: gcc -qversion >&5
gcc: error: unrecognized command-line option '-qversion'; did you mean '--version'?
gcc: fatal error: no input files
compilation terminated.
configure:4318: $? = 1
configure:4322: checking whether we are using the GNU C compiler
configure:4350: result: yes
configure:4359: checking whether gcc accepts -g
configure:4420: result: yes
configure:4437: checking for gcc option to accept ISO C89
configure:4513: result: none needed
configure:4538: checking whether gcc understands -c and -o together
configure:4575: result: yes
configure:4594: checking dependency style of gcc
configure:4705: result: gcc3
configure:4726: checking how to run the C preprocessor
configure:4757: gcc -E  conftest.c
configure:4757: $? = 0
configure:4771: gcc -E  conftest.c
conftest.c:11:10: fatal error: ac_nonexistent.h: No such file or directory
   11 | #include <ac_nonexistent.h>
      |          ^~~~~~~~~~~~~~~~~~
compilation terminated.
configure:4771: $? = 1
configure: failed program was:
| /* confdefs.h */
| #define PACKAGE_NAME "nemesis"
| #define PACKAGE_TARNAME "nemesis"
| #define PACKAGE_VERSION "1.8"
| #define PACKAGE_STRING "nemesis 1.8"
| #define PACKAGE_BUGREPORT "https://github.com/libnet/nemesis/issues"
| #define PACKAGE_URL "http://troglobit.com/projects/nemesis/"
| #define PACKAGE "nemesis"
| #define VERSION "1.8"
| /* end confdefs.h.  */
| #include <ac_nonexistent.h>
configure:4796: result: gcc -E
configure:4816: gcc -E  conftest.c
configure:4816: $? = 0
configure:4830: gcc -E  conftest.c
conftest.c:11:10: fatal error: ac_nonexistent.h: No such file or directory
   11 | #include <ac_nonexistent.h>
      |          ^~~~~~~~~~~~~~~~~~
compilation terminated.
configure:4830: $? = 1
configure: failed program was:
| /* confdefs.h */
| #define PACKAGE_NAME "nemesis"
| #define PACKAGE_TARNAME "nemesis"
| #define PACKAGE_VERSION "1.8"
| #define PACKAGE_STRING "nemesis 1.8"
| #define PACKAGE_BUGREPORT "https://github.com/libnet/nemesis/issues"
| #define PACKAGE_URL "http://troglobit.com/projects/nemesis/"
| #define PACKAGE "nemesis"
| #define VERSION "1.8"
| /* end confdefs.h.  */
| #include <ac_nonexistent.h>
configure:4859: checking for grep that handles long lines and -e
configure:4917: result: /usr/bin/grep
configure:4922: checking for egrep
configure:4984: result: /usr/bin/grep -E
configure:4990: checking whether gcc needs -traditional
configure:5024: result: no
configure:5035: checking for gawk
configure:5062: result: gawk
configure:5074: checking whether ln -s works
configure:5078: result: yes
configure:5087: checking for an ANSI C-conforming const
configure:5153: gcc -c -g -O2  conftest.c >&5
configure:5153: $? = 0
configure:5160: result: yes
configure:5168: checking for ANSI C header files
configure:5188: gcc -c -g -O2  conftest.c >&5
configure:5188: $? = 0
configure:5261: gcc -o conftest -g -O2   conftest.c  >&5
configure:5261: $? = 0
configure:5261: ./conftest
configure:5261: $? = 0
configure:5272: result: yes
configure:5285: checking for sys/types.h
configure:5285: gcc -c -g -O2  conftest.c >&5
configure:5285: $? = 0
configure:5285: result: yes
configure:5285: checking for sys/stat.h
configure:5285: gcc -c -g -O2  conftest.c >&5
configure:5285: $? = 0
configure:5285: result: yes
configure:5285: checking for stdlib.h
configure:5285: gcc -c -g -O2  conftest.c >&5
configure:5285: $? = 0
configure:5285: result: yes
configure:5285: checking for string.h
configure:5285: gcc -c -g -O2  conftest.c >&5
configure:5285: $? = 0
configure:5285: result: yes
configure:5285: checking for memory.h
configure:5285: gcc -c -g -O2  conftest.c >&5
configure:5285: $? = 0
configure:5285: result: yes
configure:5285: checking for strings.h
configure:5285: gcc -c -g -O2  conftest.c >&5
configure:5285: $? = 0
configure:5285: result: yes
configure:5285: checking for inttypes.h
configure:5285: gcc -c -g -O2  conftest.c >&5
configure:5285: $? = 0
configure:5285: result: yes
configure:5285: checking for stdint.h
configure:5285: gcc -c -g -O2  conftest.c >&5
configure:5285: $? = 0
configure:5285: result: yes
configure:5285: checking for unistd.h
configure:5285: gcc -c -g -O2  conftest.c >&5
configure:5285: $? = 0
configure:5285: result: yes
configure:5297: checking for size_t
configure:5297: gcc -c -g -O2  conftest.c >&5
configure:5297: $? = 0
configure:5297: gcc -c -g -O2  conftest.c >&5
conftest.c: In function 'main':
conftest.c:57:21: error: expected expression before ')' token
   57 | if (sizeof ((size_t)))
      |                     ^
configure:5297: $? = 1
configure: failed program was:
| /* confdefs.h */
| #define PACKAGE_NAME "nemesis"
| #define PACKAGE_TARNAME "nemesis"
| #define PACKAGE_VERSION "1.8"
| #define PACKAGE_STRING "nemesis 1.8"
| #define PACKAGE_BUGREPORT "https://github.com/libnet/nemesis/issues"
| #define PACKAGE_URL "http://troglobit.com/projects/nemesis/"
| #define PACKAGE "nemesis"
| #define VERSION "1.8"
| #define STDC_HEADERS 1
| #define HAVE_SYS_TYPES_H 1
| #define HAVE_SYS_STAT_H 1
| #define HAVE_STDLIB_H 1
| #define HAVE_STRING_H 1
| #define HAVE_MEMORY_H 1
| #define HAVE_STRINGS_H 1
| #define HAVE_INTTYPES_H 1
| #define HAVE_STDINT_H 1
| #define HAVE_UNISTD_H 1
| /* end confdefs.h.  */
| #include <stdio.h>
| #ifdef HAVE_SYS_TYPES_H
| # include <sys/types.h>
| #endif
| #ifdef HAVE_SYS_STAT_H
| # include <sys/stat.h>
| #endif
| #ifdef STDC_HEADERS
| # include <stdlib.h>
| # include <stddef.h>
| #else
| # ifdef HAVE_STDLIB_H
| #  include <stdlib.h>
| # endif
| #endif
| #ifdef HAVE_STRING_H
| # if !defined STDC_HEADERS && defined HAVE_MEMORY_H
| #  include <memory.h>
| # endif
| # include <string.h>
| #endif
| #ifdef HAVE_STRINGS_H
| # include <strings.h>
| #endif
| #ifdef HAVE_INTTYPES_H
| # include <inttypes.h>
| #endif
| #ifdef HAVE_STDINT_H
| # include <stdint.h>
| #endif
| #ifdef HAVE_UNISTD_H
| # include <unistd.h>
| #endif
| int
| main ()
| {
| if (sizeof ((size_t)))
| 	    return 0;
|   ;
|   return 0;
| }
configure:5297: result: yes
configure:5308: checking whether struct tm is in sys/time.h or time.h
configure:5328: gcc -c -g -O2  conftest.c >&5
configure:5328: $? = 0
configure:5335: result: time.h
configure:5370: checking for fabs in -lm
configure:5395: gcc -o conftest -g -O2   conftest.c -lm   >&5
conftest.c:28:6: warning: conflicting types for built-in function 'fabs'; expected 'double(double)' [-Wbuiltin-declaration-mismatch]
   28 | char fabs ();
      |      ^~~~
conftest.c:1:1: note: 'fabs' is declared in header '<math.h>'
    1 | /* confdefs.h */
configure:5395: $? = 0
configure:5404: result: yes
configure:5415: checking for inet_ntoa in -lnsl
configure:5440: gcc -o conftest -g -O2   conftest.c -lnsl  -lm  >&5
configure:5440: $? = 0
configure:5449: result: yes
configure:5460: checking for socket in -lsocket
configure:5485: gcc -o conftest -g -O2   conftest.c -lsocket  -lnsl -lm  >&5
/usr/bin/ld: cannot find -lsocket: No such file or directory
collect2: error: ld returned 1 exit status
configure:5485: $? = 1
configure: failed program was:
| /* confdefs.h */
| #define PACKAGE_NAME "nemesis"
| #define PACKAGE_TARNAME "nemesis"
| #define PACKAGE_VERSION "1.8"
| #define PACKAGE_STRING "nemesis 1.8"
| #define PACKAGE_BUGREPORT "https://github.com/libnet/nemesis/issues"
| #define PACKAGE_URL "http://troglobit.com/projects/nemesis/"
| #define PACKAGE "nemesis"
| #define VERSION "1.8"
| #define STDC_HEADERS 1
| #define HAVE_SYS_TYPES_H 1
| #define HAVE_SYS_STAT_H 1
| #define HAVE_STDLIB_H 1
| #define HAVE_STRING_H 1
| #define HAVE_MEMORY_H 1
| #define HAVE_STRINGS_H 1
| #define HAVE_INTTYPES_H 1
| #define HAVE_STDINT_H 1
| #define HAVE_UNISTD_H 1
| #define HAVE_LIBM 1
| #define HAVE_LIBNSL 1
| /* end confdefs.h.  */
| 
| /* Override any GCC internal prototype to avoid an error.
|    Use char because int might match the return type of a GCC
|    builtin and then its argument prototype would still apply.  */
| #ifdef __cplusplus
| extern "C"
| #endif
| char socket ();
| int
| main ()
| {
| return socket ();
|   ;
|   return 0;
| }
configure:5494: result: no
configure:5505: checking for hstrerror in -lresolv
configure:5530: gcc -o conftest -g -O2   conftest.c -lresolv  -lnsl -lm  >&5
configure:5530: $? = 0
configure:5539: result: yes
configure:5551: checking for libnet_name_resolve in -lnet
configure:5576: gcc -o conftest -g -O2   conftest.c -lnet  -lresolv -lnsl -lm  >&5
/usr/bin/ld: /tmp/ccvHV101.o: in function `main':
/home/minhdang118/textbooks/erickson_hacking/nemesis_build/nemesis-1.8/conftest.c:35: undefined reference to `libnet_name_resolve'
collect2: error: ld returned 1 exit status
configure:5576: $? = 1
configure: failed program was:
| /* confdefs.h */
| #define PACKAGE_NAME "nemesis"
| #define PACKAGE_TARNAME "nemesis"
| #define PACKAGE_VERSION "1.8"
| #define PACKAGE_STRING "nemesis 1.8"
| #define PACKAGE_BUGREPORT "https://github.com/libnet/nemesis/issues"
| #define PACKAGE_URL "http://troglobit.com/projects/nemesis/"
| #define PACKAGE "nemesis"
| #define VERSION "1.8"
| #define STDC_HEADERS 1
| #define HAVE_SYS_TYPES_H 1
| #define HAVE_SYS_STAT_H 1
| #define HAVE_STDLIB_H 1
| #define HAVE_STRING_H 1
| #define HAVE_MEMORY_H 1
| #define HAVE_STRINGS_H 1
| #define HAVE_INTTYPES_H 1
| #define HAVE_STDINT_H 1
| #define HAVE_UNISTD_H 1
| #define HAVE_LIBM 1
| #define HAVE_LIBNSL 1
| #define HAVE_LIBRESOLV 1
| /* end confdefs.h.  */
| 
| /* Override any GCC internal prototype to avoid an error.
|    Use char because int might match the return type of a GCC
|    builtin and then its argument prototype would still apply.  */
| #ifdef __cplusplus
| extern "C"
| #endif
| char libnet_name_resolve ();
| int
| main ()
| {
| return libnet_name_resolve ();
|   ;
|   return 0;
| }
configure:5585: result: no
configure:5591: checking for libnet_init in -lnet
configure:5616: gcc -o conftest -g -O2   conftest.c -lnet  -lresolv -lnsl -lm  >&5
configure:5616: $? = 0
configure:5625: result: yes
configure:5640: checking for ANSI C header files
configure:5744: result: yes
configure:5752: checking whether time.h and sys/time.h may both be included
configure:5772: gcc -c -g -O2  conftest.c >&5
configure:5772: $? = 0
configure:5779: result: yes
configure:5792: checking for unistd.h
configure:5792: result: yes
configure:5792: checking errno.h usability
configure:5792: gcc -c -g -O2  conftest.c >&5
configure:5792: $? = 0
configure:5792: result: yes
configure:5792: checking errno.h presence
configure:5792: gcc -E  conftest.c
configure:5792: $? = 0
configure:5792: result: yes
configure:5792: checking for errno.h
configure:5792: result: yes
configure:5792: checking for strings.h
configure:5792: result: yes
configure:5792: checking netdb.h usability
configure:5792: gcc -c -g -O2  conftest.c >&5
configure:5792: $? = 0
configure:5792: result: yes
configure:5792: checking netdb.h presence
configure:5792: gcc -E  conftest.c
configure:5792: $? = 0
configure:5792: result: yes
configure:5792: checking for netdb.h
configure:5792: result: yes
configure:5792: checking limits.h usability
configure:5792: gcc -c -g -O2  conftest.c >&5
configure:5792: $? = 0
configure:5792: result: yes
configure:5792: checking limits.h presence
configure:5792: gcc -E  conftest.c
configure:5792: $? = 0
configure:5792: result: yes
configure:5792: checking for limits.h
configure:5792: result: yes
configure:5792: checking libnet.h usability
configure:5792: gcc -c -g -O2  conftest.c >&5
configure:5792: $? = 0
configure:5792: result: yes
configure:5792: checking libnet.h presence
configure:5792: gcc -E  conftest.c
configure:5792: $? = 0
configure:5792: result: yes
configure:5792: checking for libnet.h
configure:5792: result: yes
configure:5792: checking machine/endian.h usability
configure:5792: gcc -c -g -O2  conftest.c >&5
conftest.c:66:10: fatal error: machine/endian.h: No such file or directory
   66 | #include <machine/endian.h>
      |          ^~~~~~~~~~~~~~~~~~
compilation terminated.
configure:5792: $? = 1
configure: failed program was:
| /* confdefs.h */
| #define PACKAGE_NAME "nemesis"
| #define PACKAGE_TARNAME "nemesis"
| #define PACKAGE_VERSION "1.8"
| #define PACKAGE_STRING "nemesis 1.8"
| #define PACKAGE_BUGREPORT "https://github.com/libnet/nemesis/issues"
| #define PACKAGE_URL "http://troglobit.com/projects/nemesis/"
| #define PACKAGE "nemesis"
| #define VERSION "1.8"
| #define STDC_HEADERS 1
| #define HAVE_SYS_TYPES_H 1
| #define HAVE_SYS_STAT_H 1
| #define HAVE_STDLIB_H 1
| #define HAVE_STRING_H 1
| #define HAVE_MEMORY_H 1
| #define HAVE_STRINGS_H 1
| #define HAVE_INTTYPES_H 1
| #define HAVE_STDINT_H 1
| #define HAVE_UNISTD_H 1
| #define HAVE_LIBM 1
| #define HAVE_LIBNSL 1
| #define HAVE_LIBRESOLV 1
| #define HAVE_LIBNET 1
| #define STDC_HEADERS 1
| #define TIME_WITH_SYS_TIME 1
| #define HAVE_UNISTD_H 1
| #define HAVE_ERRNO_H 1
| #define HAVE_STRINGS_H 1
| #define HAVE_NETDB_H 1
| #define HAVE_LIMITS_H 1
| #define HAVE_LIBNET_H 1
| /* end confdefs.h.  */
| #include <stdio.h>
| #ifdef HAVE_SYS_TYPES_H
| # include <sys/types.h>
| #endif
| #ifdef HAVE_SYS_STAT_H
| # include <sys/stat.h>
| #endif
| #ifdef STDC_HEADERS
| # include <stdlib.h>
| # include <stddef.h>
| #else
| # ifdef HAVE_STDLIB_H
| #  include <stdlib.h>
| # endif
| #endif
| #ifdef HAVE_STRING_H
| # if !defined STDC_HEADERS && defined HAVE_MEMORY_H
| #  include <memory.h>
| # endif
| # include <string.h>
| #endif
| #ifdef HAVE_STRINGS_H
| # include <strings.h>
| #endif
| #ifdef HAVE_INTTYPES_H
| # include <inttypes.h>
| #endif
| #ifdef HAVE_STDINT_H
| # include <stdint.h>
| #endif
| #ifdef HAVE_UNISTD_H
| # include <unistd.h>
| #endif
| #include <machine/endian.h>
configure:5792: result: no
configure:5792: checking machine/endian.h presence
configure:5792: gcc -E  conftest.c
conftest.c:33:10: fatal error: machine/endian.h: No such file or directory
   33 | #include <machine/endian.h>
      |          ^~~~~~~~~~~~~~~~~~
compilation terminated.
configure:5792: $? = 1
configure: failed program was:
| /* confdefs.h */
| #define PACKAGE_NAME "nemesis"
| #define PACKAGE_TARNAME "nemesis"
| #define PACKAGE_VERSION "1.8"
| #define PACKAGE_STRING "nemesis 1.8"
| #define PACKAGE_BUGREPORT "https://github.com/libnet/nemesis/issues"
| #define PACKAGE_URL "http://troglobit.com/projects/nemesis/"
| #define PACKAGE "nemesis"
| #define VERSION "1.8"
| #define STDC_HEADERS 1
| #define HAVE_SYS_TYPES_H 1
| #define HAVE_SYS_STAT_H 1
| #define HAVE_STDLIB_H 1
| #define HAVE_STRING_H 1
| #define HAVE_MEMORY_H 1
| #define HAVE_STRINGS_H 1
| #define HAVE_INTTYPES_H 1
| #define HAVE_STDINT_H 1
| #define HAVE_UNISTD_H 1
| #define HAVE_LIBM 1
| #define HAVE_LIBNSL 1
| #define HAVE_LIBRESOLV 1
| #define HAVE_LIBNET 1
| #define STDC_HEADERS 1
| #define TIME_WITH_SYS_TIME 1
| #define HAVE_UNISTD_H 1
| #define HAVE_ERRNO_H 1
| #define HAVE_STRINGS_H 1
| #define HAVE_NETDB_H 1
| #define HAVE_LIMITS_H 1
| #define HAVE_LIBNET_H 1
| /* end confdefs.h.  */
| #include <machine/endian.h>
configure:5792: result: no
configure:5792: checking for machine/endian.h
configure:5792: result: no
configure:5792: checking sys/time.h usability
configure:5792: gcc -c -g -O2  conftest.c >&5
configure:5792: $? = 0
configure:5792: result: yes
configure:5792: checking sys/time.h presence
configure:5792: gcc -E  conftest.c
configure:5792: $? = 0
configure:5792: result: yes
configure:5792: checking for sys/time.h
configure:5792: result: yes
configure:5792: checking sys/param.h usability
configure:5792: gcc -c -g -O2  conftest.c >&5
configure:5792: $? = 0
configure:5792: result: yes
configure:5792: checking sys/param.h presence
configure:5792: gcc -E  conftest.c
configure:5792: $? = 0
configure:5792: result: yes
configure:5792: checking for sys/param.h
configure:5792: result: yes
configure:5792: checking arpa/inet.h usability
configure:5792: gcc -c -g -O2  conftest.c >&5
configure:5792: $? = 0
configure:5792: result: yes
configure:5792: checking arpa/inet.h presence
configure:5792: gcc -E  conftest.c
configure:5792: $? = 0
configure:5792: result: yes
configure:5792: checking for arpa/inet.h
configure:5792: result: yes
configure:5792: checking netinet/in.h usability
configure:5792: gcc -c -g -O2  conftest.c >&5
configure:5792: $? = 0
configure:5792: result: yes
configure:5792: checking netinet/in.h presence
configure:5792: gcc -E  conftest.c
configure:5792: $? = 0
configure:5792: result: yes
configure:5792: checking for netinet/in.h
configure:5792: result: yes
configure:5792: checking netinet/if_ether.h usability
configure:5792: gcc -c -g -O2  conftest.c >&5
configure:5792: $? = 0
configure:5792: result: yes
configure:5792: checking netinet/if_ether.h presence
configure:5792: gcc -E  conftest.c
configure:5792: $? = 0
configure:5792: result: yes
configure:5792: checking for netinet/if_ether.h
configure:5792: result: yes
configure:5792: checking net/ethernet.h usability
configure:5792: gcc -c -g -O2  conftest.c >&5
configure:5792: $? = 0
configure:5792: result: yes
configure:5792: checking net/ethernet.h presence
configure:5792: gcc -E  conftest.c
configure:5792: $? = 0
configure:5792: result: yes
configure:5792: checking for net/ethernet.h
configure:5792: result: yes
configure:5808: checking for gethostbyname
configure:5808: gcc -o conftest -g -O2   conftest.c -lnet -lresolv -lnsl -lm  >&5
configure:5808: $? = 0
configure:5808: result: yes
configure:5808: checking for gettimeofday
configure:5808: gcc -o conftest -g -O2   conftest.c -lnet -lresolv -lnsl -lm  >&5
configure:5808: $? = 0
configure:5808: result: yes
configure:5808: checking for inet_ntoa
configure:5808: gcc -o conftest -g -O2   conftest.c -lnet -lresolv -lnsl -lm  >&5
configure:5808: $? = 0
configure:5808: result: yes
configure:5808: checking for isascii
configure:5808: gcc -o conftest -g -O2   conftest.c -lnet -lresolv -lnsl -lm  >&5
conftest.c:65:6: warning: conflicting types for built-in function 'isascii'; expected 'int(int)' [-Wbuiltin-declaration-mismatch]
   65 | char isascii ();
      |      ^~~~~~~
configure:5808: $? = 0
configure:5808: result: yes
configure:5808: checking for memset
configure:5808: gcc -o conftest -g -O2   conftest.c -lnet -lresolv -lnsl -lm  >&5
conftest.c:66:6: warning: conflicting types for built-in function 'memset'; expected 'void *(void *, int,  long unsigned int)' [-Wbuiltin-declaration-mismatch]
   66 | char memset ();
      |      ^~~~~~
conftest.c:54:1: note: 'memset' is declared in header '<string.h>'
   53 | # include <limits.h>
   54 | #else
configure:5808: $? = 0
configure:5808: result: yes
configure:5808: checking for strchr
configure:5808: gcc -o conftest -g -O2   conftest.c -lnet -lresolv -lnsl -lm  >&5
conftest.c:67:6: warning: conflicting types for built-in function 'strchr'; expected 'char *(const char *, int)' [-Wbuiltin-declaration-mismatch]
   67 | char strchr ();
      |      ^~~~~~
conftest.c:55:1: note: 'strchr' is declared in header '<string.h>'
   54 | # include <limits.h>
   55 | #else
configure:5808: $? = 0
configure:5808: result: yes
configure:5808: checking for strdup
configure:5808: gcc -o conftest -g -O2   conftest.c -lnet -lresolv -lnsl -lm  >&5
conftest.c:68:6: warning: conflicting types for built-in function 'strdup'; expected 'char *(const char *)' [-Wbuiltin-declaration-mismatch]
   68 | char strdup ();
      |      ^~~~~~
configure:5808: $? = 0
configure:5808: result: yes
configure:5808: checking for strerror
configure:5808: gcc -o conftest -g -O2   conftest.c -lnet -lresolv -lnsl -lm  >&5
configure:5808: $? = 0
configure:5808: result: yes
configure:5808: checking for strrchr
configure:5808: gcc -o conftest -g -O2   conftest.c -lnet -lresolv -lnsl -lm  >&5
conftest.c:70:6: warning: conflicting types for built-in function 'strrchr'; expected 'char *(const char *, int)' [-Wbuiltin-declaration-mismatch]
   70 | char strrchr ();
      |      ^~~~~~~
conftest.c:58:1: note: 'strrchr' is declared in header '<string.h>'
   57 | # include <limits.h>
   58 | #else
configure:5808: $? = 0
configure:5808: result: yes
configure:5808: checking for strtoul
configure:5808: gcc -o conftest -g -O2   conftest.c -lnet -lresolv -lnsl -lm  >&5
configure:5808: $? = 0
configure:5808: result: yes
configure:5819: checking for getopt
configure:5819: gcc -o conftest -g -O2   conftest.c -lnet -lresolv -lnsl -lm  >&5
configure:5819: $? = 0
configure:5819: result: yes
configure:5832: checking for inet_aton
configure:5832: gcc -o conftest -g -O2   conftest.c -lnet -lresolv -lnsl -lm  >&5
configure:5832: $? = 0
configure:5832: result: yes
configure:5845: checking for memcmp
configure:5845: gcc -o conftest -g -O2   conftest.c -lnet -lresolv -lnsl -lm  >&5
conftest.c:74:6: warning: conflicting types for built-in function 'memcmp'; expected 'int(const void *, const void *, long unsigned int)' [-Wbuiltin-declaration-mismatch]
   74 | char memcmp ();
      |      ^~~~~~
conftest.c:62:1: note: 'memcmp' is declared in header '<string.h>'
   61 | # include <limits.h>
   62 | #else
configure:5845: $? = 0
configure:5845: result: yes
configure:5858: checking for strlcat
configure:5858: gcc -o conftest -g -O2   conftest.c -lnet -lresolv -lnsl -lm  >&5
/usr/bin/ld: /tmp/ccvAC8Dx.o: in function `main':
/home/minhdang118/textbooks/erickson_hacking/nemesis_build/nemesis-1.8/conftest.c:86: undefined reference to `strlcat'
collect2: error: ld returned 1 exit status
configure:5858: $? = 1
configure: failed program was:
| /* confdefs.h */
| #define PACKAGE_NAME "nemesis"
| #define PACKAGE_TARNAME "nemesis"
| #define PACKAGE_VERSION "1.8"
| #define PACKAGE_STRING "nemesis 1.8"
| #define PACKAGE_BUGREPORT "https://github.com/libnet/nemesis/issues"
| #define PACKAGE_URL "http://troglobit.com/projects/nemesis/"
| #define PACKAGE "nemesis"
| #define VERSION "1.8"
| #define STDC_HEADERS 1
| #define HAVE_SYS_TYPES_H 1
| #define HAVE_SYS_STAT_H 1
| #define HAVE_STDLIB_H 1
| #define HAVE_STRING_H 1
| #define HAVE_MEMORY_H 1
| #define HAVE_STRINGS_H 1
| #define HAVE_INTTYPES_H 1
| #define HAVE_STDINT_H 1
| #define HAVE_UNISTD_H 1
| #define HAVE_LIBM 1
| #define HAVE_LIBNSL 1
| #define HAVE_LIBRESOLV 1
| #define HAVE_LIBNET 1
| #define STDC_HEADERS 1
| #define TIME_WITH_SYS_TIME 1
| #define HAVE_UNISTD_H 1
| #define HAVE_ERRNO_H 1
| #define HAVE_STRINGS_H 1
| #define HAVE_NETDB_H 1
| #define HAVE_LIMITS_H 1
| #define HAVE_LIBNET_H 1
| #define HAVE_SYS_TIME_H 1
| #define HAVE_SYS_PARAM_H 1
| #define HAVE_ARPA_INET_H 1
| #define HAVE_NETINET_IN_H 1
| #define HAVE_NETINET_IF_ETHER_H 1
| #define HAVE_NET_ETHERNET_H 1
| #define HAVE_GETHOSTBYNAME 1
| #define HAVE_GETTIMEOFDAY 1
| #define HAVE_INET_NTOA 1
| #define HAVE_ISASCII 1
| #define HAVE_MEMSET 1
| #define HAVE_STRCHR 1
| #define HAVE_STRDUP 1
| #define HAVE_STRERROR 1
| #define HAVE_STRRCHR 1
| #define HAVE_STRTOUL 1
| #define HAVE_GETOPT 1
| #define HAVE_INET_ATON 1
| #define HAVE_MEMCMP 1
| /* end confdefs.h.  */
| /* Define strlcat to an innocuous variant, in case <limits.h> declares strlcat.
|    For example, HP-UX 11i <limits.h> declares gettimeofday.  */
| #define strlcat innocuous_strlcat
| 
| /* System header to define __stub macros and hopefully few prototypes,
|     which can conflict with char strlcat (); below.
|     Prefer <limits.h> to <assert.h> if __STDC__ is defined, since
|     <limits.h> exists even on freestanding compilers.  */
| 
| #ifdef __STDC__
| # include <limits.h>
| #else
| # include <assert.h>
| #endif
| 
| #undef strlcat
| 
| /* Override any GCC internal prototype to avoid an error.
|    Use char because int might match the return type of a GCC
|    builtin and then its argument prototype would still apply.  */
| #ifdef __cplusplus
| extern "C"
| #endif
| char strlcat ();
| /* The GNU C library defines this for functions which it implements
|     to always fail with ENOSYS.  Some functions are actually named
|     something starting with __ and the normal name is an alias.  */
| #if defined __stub_strlcat || defined __stub___strlcat
| choke me
| #endif
| 
| int
| main ()
| {
| return strlcat ();
|   ;
|   return 0;
| }
configure:5858: result: no
configure:5871: checking for strlcpy
configure:5871: gcc -o conftest -g -O2   conftest.c -lnet -lresolv -lnsl -lm  >&5
/usr/bin/ld: /tmp/ccc2AN9a.o: in function `main':
/home/minhdang118/textbooks/erickson_hacking/nemesis_build/nemesis-1.8/conftest.c:86: undefined reference to `strlcpy'
collect2: error: ld returned 1 exit status
configure:5871: $? = 1
configure: failed program was:
| /* confdefs.h */
| #define PACKAGE_NAME "nemesis"
| #define PACKAGE_TARNAME "nemesis"
| #define PACKAGE_VERSION "1.8"
| #define PACKAGE_STRING "nemesis 1.8"
| #define PACKAGE_BUGREPORT "https://github.com/libnet/nemesis/issues"
| #define PACKAGE_URL "http://troglobit.com/projects/nemesis/"
| #define PACKAGE "nemesis"
| #define VERSION "1.8"
| #define STDC_HEADERS 1
| #define HAVE_SYS_TYPES_H 1
| #define HAVE_SYS_STAT_H 1
| #define HAVE_STDLIB_H 1
| #define HAVE_STRING_H 1
| #define HAVE_MEMORY_H 1
| #define HAVE_STRINGS_H 1
| #define HAVE_INTTYPES_H 1
| #define HAVE_STDINT_H 1
| #define HAVE_UNISTD_H 1
| #define HAVE_LIBM 1
| #define HAVE_LIBNSL 1
| #define HAVE_LIBRESOLV 1
| #define HAVE_LIBNET 1
| #define STDC_HEADERS 1
| #define TIME_WITH_SYS_TIME 1
| #define HAVE_UNISTD_H 1
| #define HAVE_ERRNO_H 1
| #define HAVE_STRINGS_H 1
| #define HAVE_NETDB_H 1
| #define HAVE_LIMITS_H 1
| #define HAVE_LIBNET_H 1
| #define HAVE_SYS_TIME_H 1
| #define HAVE_SYS_PARAM_H 1
| #define HAVE_ARPA_INET_H 1
| #define HAVE_NETINET_IN_H 1
| #define HAVE_NETINET_IF_ETHER_H 1
| #define HAVE_NET_ETHERNET_H 1
| #define HAVE_GETHOSTBYNAME 1
| #define HAVE_GETTIMEOFDAY 1
| #define HAVE_INET_NTOA 1
| #define HAVE_ISASCII 1
| #define HAVE_MEMSET 1
| #define HAVE_STRCHR 1
| #define HAVE_STRDUP 1
| #define HAVE_STRERROR 1
| #define HAVE_STRRCHR 1
| #define HAVE_STRTOUL 1
| #define HAVE_GETOPT 1
| #define HAVE_INET_ATON 1
| #define HAVE_MEMCMP 1
| /* end confdefs.h.  */
| /* Define strlcpy to an innocuous variant, in case <limits.h> declares strlcpy.
|    For example, HP-UX 11i <limits.h> declares gettimeofday.  */
| #define strlcpy innocuous_strlcpy
| 
| /* System header to define __stub macros and hopefully few prototypes,
|     which can conflict with char strlcpy (); below.
|     Prefer <limits.h> to <assert.h> if __STDC__ is defined, since
|     <limits.h> exists even on freestanding compilers.  */
| 
| #ifdef __STDC__
| # include <limits.h>
| #else
| # include <assert.h>
| #endif
| 
| #undef strlcpy
| 
| /* Override any GCC internal prototype to avoid an error.
|    Use char because int might match the return type of a GCC
|    builtin and then its argument prototype would still apply.  */
| #ifdef __cplusplus
| extern "C"
| #endif
| char strlcpy ();
| /* The GNU C library defines this for functions which it implements
|     to always fail with ENOSYS.  Some functions are actually named
|     something starting with __ and the normal name is an alias.  */
| #if defined __stub_strlcpy || defined __stub___strlcpy
| choke me
| #endif
| 
| int
| main ()
| {
| return strlcpy ();
|   ;
|   return 0;
| }
configure:5871: result: no
configure:5884: checking for strsep
configure:5884: gcc -o conftest -g -O2   conftest.c -lnet -lresolv -lnsl -lm  >&5
configure:5884: $? = 0
configure:5884: result: yes
configure:5999: checking that generated files are newer than configure
configure:6005: result: done
configure:6032: creating ./config.status

## ---------------------- ##
## Running config.status. ##
## ---------------------- ##

This file was extended by nemesis config.status 1.8, which was
generated by GNU Autoconf 2.69.  Invocation command line was

  CONFIG_FILES    = 
  CONFIG_HEADERS  = 
  CONFIG_LINKS    = 
  CONFIG_COMMANDS = 
  $ ./config.status 

on MINHDANGLAPTOP

config.status:897: creating Makefile
config.status:897: creating src/Makefile
config.status:897: creating man/Makefile
config.status:897: creating config.h
config.status:1126: executing depfiles commands
config.status:1203: cd src       && sed -e '/# am--include-marker/d' Makefile         | make -f - am--depfiles
config.status:1208: $? = 0
configure:7348: WARNING: unrecognized options: --with-libnet-includes

## ---------------- ##
## Cache variables. ##
## ---------------- ##

ac_cv_build=x86_64-pc-linux-gnu
ac_cv_c_compiler_gnu=yes
ac_cv_c_const=yes
ac_cv_env_CC_set=
ac_cv_env_CC_value=
ac_cv_env_CFLAGS_set=
ac_cv_env_CFLAGS_value=
ac_cv_env_CPPFLAGS_set=
ac_cv_env_CPPFLAGS_value=
ac_cv_env_CPP_set=
ac_cv_env_CPP_value=
ac_cv_env_LDFLAGS_set=
ac_cv_env_LDFLAGS_value=
ac_cv_env_LIBS_set=
ac_cv_env_LIBS_value=
ac_cv_env_build_alias_set=
ac_cv_env_build_alias_value=
ac_cv_env_host_alias_set=
ac_cv_env_host_alias_value=
ac_cv_env_target_alias_set=
ac_cv_env_target_alias_value=
ac_cv_func_gethostbyname=yes
ac_cv_func_getopt=yes
ac_cv_func_gettimeofday=yes
ac_cv_func_inet_aton=yes
ac_cv_func_inet_ntoa=yes
ac_cv_func_isascii=yes
ac_cv_func_memcmp=yes
ac_cv_func_memset=yes
ac_cv_func_strchr=yes
ac_cv_func_strdup=yes
ac_cv_func_strerror=yes
ac_cv_func_strlcat=no
ac_cv_func_strlcpy=no
ac_cv_func_strrchr=yes
ac_cv_func_strsep=yes
ac_cv_func_strtoul=yes
ac_cv_header_arpa_inet_h=yes
ac_cv_header_errno_h=yes
ac_cv_header_inttypes_h=yes
ac_cv_header_libnet_h=yes
ac_cv_header_limits_h=yes
ac_cv_header_machine_endian_h=no
ac_cv_header_memory_h=yes
ac_cv_header_net_ethernet_h=yes
ac_cv_header_netdb_h=yes
ac_cv_header_netinet_if_ether_h=yes
ac_cv_header_netinet_in_h=yes
ac_cv_header_stdc=yes
ac_cv_header_stdint_h=yes
ac_cv_header_stdlib_h=yes
ac_cv_header_string_h=yes
ac_cv_header_strings_h=yes
ac_cv_header_sys_param_h=yes
ac_cv_header_sys_stat_h=yes
ac_cv_header_sys_time_h=yes
ac_cv_header_sys_types_h=yes
ac_cv_header_time=yes
ac_cv_header_unistd_h=yes
ac_cv_host=x86_64-pc-linux-gnu
ac_cv_lib_m_fabs=yes
ac_cv_lib_net_libnet_init=yes
ac_cv_lib_net_libnet_name_resolve=no
ac_cv_lib_nsl_inet_ntoa=yes
ac_cv_lib_resolv_hstrerror=yes
ac_cv_lib_socket_socket=no
ac_cv_objext=o
ac_cv_path_EGREP='/usr/bin/grep -E'
ac_cv_path_GREP=/usr/bin/grep
ac_cv_path_install='/usr/bin/install -c'
ac_cv_path_mkdir=/usr/bin/mkdir
ac_cv_prog_AWK=gawk
ac_cv_prog_CPP='gcc -E'
ac_cv_prog_ac_ct_CC=gcc
ac_cv_prog_cc_c89=
ac_cv_prog_cc_g=yes
ac_cv_prog_gcc_traditional=no
ac_cv_prog_make_make_set=yes
ac_cv_struct_tm=time.h
ac_cv_type_size_t=yes
am_cv_CC_dependencies_compiler_type=gcc3
am_cv_make_support_nested_variables=yes
am_cv_prog_cc_c_o=yes
am_cv_prog_cc_stdc=

## ----------------- ##
## Output variables. ##
## ----------------- ##

ACLOCAL='${SHELL} /home/minhdang118/textbooks/erickson_hacking/nemesis_build/nemesis-1.8/missing aclocal-1.16'
AMDEPBACKSLASH='\'
AMDEP_FALSE='#'
AMDEP_TRUE=''
AMTAR='$${TAR-tar}'
AM_BACKSLASH='\'
AM_DEFAULT_V='$(AM_DEFAULT_VERBOSITY)'
AM_DEFAULT_VERBOSITY='0'
AM_V='$(V)'
AUTOCONF='${SHELL} /home/minhdang118/textbooks/erickson_hacking/nemesis_build/nemesis-1.8/missing autoconf'
AUTOHEADER='${SHELL} /home/minhdang118/textbooks/erickson_hacking/nemesis_build/nemesis-1.8/missing autoheader'
AUTOMAKE='${SHELL} /home/minhdang118/textbooks/erickson_hacking/nemesis_build/nemesis-1.8/missing automake-1.16'
AWK='gawk'
CC='gcc'
CCDEPMODE='depmode=gcc3'
CFLAGS='-g -O2'
CPP='gcc -E'
CPPFLAGS=''
CYGPATH_W='echo'
DEFS='-DHAVE_CONFIG_H'
DEPDIR='.deps'
ECHO_C=''
ECHO_N='-n'
ECHO_T=''
EGREP='/usr/bin/grep -E'
EXEEXT=''
GREP='/usr/bin/grep'
INSTALL_DATA='${INSTALL} -m 644'
INSTALL_PROGRAM='${INSTALL}'
INSTALL_SCRIPT='${INSTALL}'
INSTALL_STRIP_PROGRAM='$(install_sh) -c -s'
LDFLAGS=''
LIBOBJS=' ${LIBOBJDIR}strlcat$U.o ${LIBOBJDIR}strlcpy$U.o'
LIBS='-lnet -lresolv -lnsl -lm '
LN_S='ln -s'
LTLIBOBJS=' ${LIBOBJDIR}strlcat$U.lo ${LIBOBJDIR}strlcpy$U.lo'
MAKEINFO='${SHELL} /home/minhdang118/textbooks/erickson_hacking/nemesis_build/nemesis-1.8/missing makeinfo'
MKDIR_P='/usr/bin/mkdir -p'
OBJEXT='o'
PACKAGE='nemesis'
PACKAGE_BUGREPORT='https://github.com/libnet/nemesis/issues'
PACKAGE_NAME='nemesis'
PACKAGE_STRING='nemesis 1.8'
PACKAGE_TARNAME='nemesis'
PACKAGE_URL='http://troglobit.com/projects/nemesis/'
PACKAGE_VERSION='1.8'
PATH_SEPARATOR=':'
SET_MAKE=''
SHELL='/bin/bash'
STRIP=''
VERSION='1.8'
ac_ct_CC='gcc'
am__EXEEXT_FALSE=''
am__EXEEXT_TRUE='#'
am__fastdepCC_FALSE='#'
am__fastdepCC_TRUE=''
am__include='include'
am__isrc=''
am__leading_dot='.'
am__nodep='_no'
am__quote=''
am__tar='$${TAR-tar} chof - "$$tardir"'
am__untar='$${TAR-tar} xf -'
bindir='${exec_prefix}/bin'
build='x86_64-pc-linux-gnu'
build_alias=''
build_cpu='x86_64'
build_os='linux-gnu'
build_vendor='pc'
datadir='${datarootdir}'
datarootdir='${prefix}/share'
docdir='${datarootdir}/doc/${PACKAGE_TARNAME}'
dvidir='${docdir}'
exec_prefix='${prefix}'
host='x86_64-pc-linux-gnu'
host_alias=''
host_cpu='x86_64'
host_os='linux-gnu'
host_vendor='pc'
htmldir='${docdir}'
includedir='${prefix}/include'
infodir='${datarootdir}/info'
install_sh='${SHELL} /home/minhdang118/textbooks/erickson_hacking/nemesis_build/nemesis-1.8/install-sh'
libdir='${exec_prefix}/lib'
libexecdir='${exec_prefix}/libexec'
localedir='${datarootdir}/locale'
localstatedir='${prefix}/var'
mandir='${datarootdir}/man'
mkdir_p='$(MKDIR_P)'
oldincludedir='/usr/include'
pdfdir='${docdir}'
prefix='/usr/local'
program_transform_name='s,x,x,'
psdir='${docdir}'
runstatedir='${localstatedir}/run'
sbindir='${exec_prefix}/sbin'
sharedstatedir='${prefix}/com'
sysconfdir='${prefix}/etc'
target_alias=''

## ----------- ##
## confdefs.h. ##
## ----------- ##

/* confdefs.h */
#define PACKAGE_NAME "nemesis"
#define PACKAGE_TARNAME "nemesis"
#define PACKAGE_VERSION "1.8"
#define PACKAGE_STRING "nemesis 1.8"
#define PACKAGE_BUGREPORT "https://github.com/libnet/nemesis/issues"
#define PACKAGE_URL "http://troglobit.com/projects/nemesis/"
#define PACKAGE "nemesis"
#define VERSION "1.8"
#define STDC_HEADERS 1
#define HAVE_SYS_TYPES_H 1
#define HAVE_SYS_STAT_H 1
#define HAVE_STDLIB_H 1
#define HAVE_STRING_H 1
#define HAVE_MEMORY_H 1
#define HAVE_STRINGS_H 1
#define HAVE_INTTYPES_H 1
#define HAVE_STDINT_H 1
#define HAVE_UNISTD_H 1
#define HAVE_LIBM 1
#define HAVE_LIBNSL 1
#define HAVE_LIBRESOLV 1
#define HAVE_LIBNET 1
#define STDC_HEADERS 1
#define TIME_WITH_SYS_TIME 1
#define HAVE_UNISTD_H 1
#define HAVE_ERRNO_H 1
#define HAVE_STRINGS_H 1
#define HAVE_NETDB_H 1
#define HAVE_LIMITS_H 1
#define HAVE_LIBNET_H 1
#define HAVE_SYS_TIME_H 1
#define HAVE_SYS_PARAM_H 1
#define HAVE_ARPA_INET_H 1
#define HAVE_NETINET_IN_H 1
#define HAVE_NETINET_IF_ETHER_H 1
#define HAVE_NET_ETHERNET_H 1
#define HAVE_GETHOSTBYNAME 1
#define HAVE_GETTIMEOFDAY 1
#define HAVE_INET_NTOA 1
#define HAVE_ISASCII 1
#define HAVE_MEMSET 1
#define HAVE_STRCHR 1
#define HAVE_STRDUP 1
#define HAVE_STRERROR 1
#define HAVE_STRRCHR 1
#define HAVE_STRTOUL 1
#define HAVE_GETOPT 1
#define HAVE_INET_ATON 1
#define HAVE_MEMCMP 1
#define HAVE_STRSEP 1

configure: exit 0
